This is pdfTeX, Version 3.14159265-2.6-1.40.17 (TeX Live 2016) (preloaded format=pdflatex 2016.11.8)  18 JAN 2019 20:34
entering extended mode
 restricted \write18 enabled.
 file:line:error style messages enabled.
 %&-line parsing enabled.
**paper.tex
(./paper.tex
LaTeX2e <2016/03/31>
Babel <3.9r> and hyphenation patterns for 83 language(s) loaded.
(./acmart.cls
Document Class: acmart 2017/09/16 v1.48 Typesetting articles for the Associatio
n for Computing Machinery
(/usr/local/texlive/2016/texmf-dist/tex/latex/xkeyval/xkeyval.sty
Package: xkeyval 2014/12/03 v2.7a package option processing (HA)

(/usr/local/texlive/2016/texmf-dist/tex/generic/xkeyval/xkeyval.tex
(/usr/local/texlive/2016/texmf-dist/tex/generic/xkeyval/xkvutils.tex
\XKV@toks=\toks14
\XKV@tempa@toks=\toks15

(/usr/local/texlive/2016/texmf-dist/tex/generic/xkeyval/keyval.tex))
\XKV@depth=\count79
File: xkeyval.tex 2014/12/03 v2.7a key=value parser (HA)
))
(/usr/local/texlive/2016/texmf-dist/tex/generic/xstring/xstring.sty
(/usr/local/texlive/2016/texmf-dist/tex/generic/xstring/xstring.tex
\@xs@message=\write3
\integerpart=\count80
\decimalpart=\count81
)
Package: xstring 2013/10/13  v1.7c  String manipulations (C Tellechea)
)
Package acmart Info: Not using screen mode on input line 72.
Package acmart Info: Requiring acmthm on input line 80.
Package acmart Info: Not using review mode on input line 89.
Package acmart Info: Not using authorversion mode on input line 97.
Package acmart Info: Explicitly selecting natbib mode on input line 105.
Package acmart Info: Not using anonymous mode on input line 113.
Package acmart Info: Not using timestamp mode on input line 121.
Package acmart Info: Not using authordraft mode on input line 131.
Class acmart Info: Using format sigconf, number 4 on input line 140.
Class acmart Info: Using fontsize 10pt on input line 198.

(/usr/local/texlive/2016/texmf-dist/tex/latex/amscls/amsart.cls
Document Class: amsart 2015/03/04 v2.20.2
\linespacing=\dimen102
\normalparindent=\dimen103
\normaltopskip=\skip41
(/usr/local/texlive/2016/texmf-dist/tex/latex/amsmath/amsmath.sty
Package: amsmath 2016/03/10 v2.15b AMS math features
\@mathmargin=\skip42

For additional information on amsmath, use the `?' option.
(/usr/local/texlive/2016/texmf-dist/tex/latex/amsmath/amstext.sty
Package: amstext 2000/06/29 v2.01 AMS text

(/usr/local/texlive/2016/texmf-dist/tex/latex/amsmath/amsgen.sty
File: amsgen.sty 1999/11/30 v2.0 generic functions
\@emptytoks=\toks16
\ex@=\dimen104
))
(/usr/local/texlive/2016/texmf-dist/tex/latex/amsmath/amsbsy.sty
Package: amsbsy 1999/11/29 v1.2d Bold Symbols
\pmbraise@=\dimen105
)
(/usr/local/texlive/2016/texmf-dist/tex/latex/amsmath/amsopn.sty
Package: amsopn 2016/03/08 v2.02 operator names
)
\inf@bad=\count82
LaTeX Info: Redefining \frac on input line 199.
\uproot@=\count83
\leftroot@=\count84
LaTeX Info: Redefining \overline on input line 297.
\classnum@=\count85
\DOTSCASE@=\count86
LaTeX Info: Redefining \ldots on input line 394.
LaTeX Info: Redefining \dots on input line 397.
LaTeX Info: Redefining \cdots on input line 518.
\Mathstrutbox@=\box26
\strutbox@=\box27
\big@size=\dimen106
LaTeX Font Info:    Redeclaring font encoding OML on input line 634.
LaTeX Font Info:    Redeclaring font encoding OMS on input line 635.
\macc@depth=\count87
\c@MaxMatrixCols=\count88
\dotsspace@=\muskip10
\c@parentequation=\count89
\dspbrk@lvl=\count90
\tag@help=\toks17
\row@=\count91
\column@=\count92
\maxfields@=\count93
\andhelp@=\toks18
\eqnshift@=\dimen107
\alignsep@=\dimen108
\tagshift@=\dimen109
\tagwidth@=\dimen110
\totwidth@=\dimen111
\lineht@=\dimen112
\@envbody=\toks19
\multlinegap=\skip43
\multlinetaggap=\skip44
\mathdisplay@stack=\toks20
LaTeX Info: Redefining \[ on input line 2739.
LaTeX Info: Redefining \] on input line 2740.
)
LaTeX Font Info:    Try loading font information for U+msa on input line 388.

(/usr/local/texlive/2016/texmf-dist/tex/latex/amsfonts/umsa.fd
File: umsa.fd 2013/01/14 v3.01 AMS symbols A
)
(/usr/local/texlive/2016/texmf-dist/tex/latex/amsfonts/amsfonts.sty
Package: amsfonts 2013/01/14 v3.01 Basic AMSFonts support
\symAMSa=\mathgroup4
\symAMSb=\mathgroup5
LaTeX Font Info:    Overwriting math alphabet `\mathfrak' in version `bold'
(Font)                  U/euf/m/n --> U/euf/b/n on input line 106.
)
\copyins=\insert199
\abstractbox=\box28
\listisep=\skip45
\c@part=\count94
\c@section=\count95
\c@subsection=\count96
\c@subsubsection=\count97
\c@paragraph=\count98
\c@subparagraph=\count99
\c@figure=\count100
\c@table=\count101
\abovecaptionskip=\skip46
\belowcaptionskip=\skip47
\captionindent=\dimen113
\thm@style=\toks21
\thm@bodyfont=\toks22
\thm@headfont=\toks23
\thm@notefont=\toks24
\thm@headpunct=\toks25
\thm@preskip=\skip48
\thm@postskip=\skip49
\thm@headsep=\skip50
\dth@everypar=\toks26
)
(/usr/local/texlive/2016/texmf-dist/tex/latex/microtype/microtype.sty
Package: microtype 2016/05/14 v2.6a Micro-typographical refinements (RS)
\MT@toks=\toks27
\MT@count=\count102
LaTeX Info: Redefining \textls on input line 774.
\MT@outer@kern=\dimen114
LaTeX Info: Redefining \textmicrotypecontext on input line 1310.
\MT@listname@count=\count103

(/usr/local/texlive/2016/texmf-dist/tex/latex/microtype/microtype-pdftex.def
File: microtype-pdftex.def 2016/05/14 v2.6a Definitions specific to pdftex (RS)

LaTeX Info: Redefining \lsstyle on input line 916.
LaTeX Info: Redefining \lslig on input line 916.
\MT@outer@space=\skip51
)
Package microtype Info: Loading configuration file microtype.cfg.

(/usr/local/texlive/2016/texmf-dist/tex/latex/microtype/microtype.cfg
File: microtype.cfg 2016/05/14 v2.6a microtype main configuration file (RS)
))
(/usr/local/texlive/2016/texmf-dist/tex/latex/sttools/flushend.sty
Package: flushend 2015/04/14 v3.1 Balancing columns in twocolumn mode
\flushend@@lastskip@a=\skip52
\flushend@@lastskip@b=\skip53
\flushend@@lastskip@c=\skip54
\flushend@@penalty@a=\count104
\flushend@@lastkern@a=\dimen115
\var@@temp@spread=\dimen116
\var@@temp@a=\dimen117
\flushend@@page@rule=\dimen118
\flushend@@varbox@a=\box29
\flushend@@varbox@c=\box30
\flushend@@tempbox@a=\box31
\flushend@@tempbox@c=\box32
\@viper=\box33
\hold@viper=\box34
\atColsBreak=\toks28
\atColsEnd=\toks29

(/usr/local/texlive/2016/texmf-dist/tex/latex/etoolbox/etoolbox.sty
Package: etoolbox 2015/08/02 v2.2a e-TeX tools for LaTeX (JAW)
\etb@tempcnta=\count105
))
(/usr/local/texlive/2016/texmf-dist/tex/latex/oberdiek/refcount.sty
Package: refcount 2016/05/16 v3.5 Data extraction from label references (HO)

(/usr/local/texlive/2016/texmf-dist/tex/generic/oberdiek/ltxcmds.sty
Package: ltxcmds 2016/05/16 v1.23 LaTeX kernel commands for general use (HO)
)
(/usr/local/texlive/2016/texmf-dist/tex/generic/oberdiek/infwarerr.sty
Package: infwarerr 2016/05/16 v1.4 Providing info/warning/error messages (HO)
))
(/usr/local/texlive/2016/texmf-dist/tex/latex/totpages/totpages.sty
Package: totpages 2005/09/19 v2.00 Totpages Package (muewi)

(/usr/local/texlive/2016/texmf-dist/tex/latex/ms/everyshi.sty
Package: everyshi 2001/05/15 v3.00 EveryShipout Package (MS)
))
(/usr/local/texlive/2016/texmf-dist/tex/latex/environ/environ.sty
Package: environ 2014/05/04 v0.3 A new way to define environments

(/usr/local/texlive/2016/texmf-dist/tex/latex/trimspaces/trimspaces.sty
Package: trimspaces 2009/09/17 v1.1 Trim spaces around a token list
))
(/usr/local/texlive/2016/texmf-dist/tex/latex/textcase/textcase.sty
Package: textcase 2004/10/07 v0.07 Text only upper/lower case changing (DPC)
)
(/usr/local/texlive/2016/texmf-dist/tex/latex/natbib/natbib.sty
Package: natbib 2010/09/13 8.31b (PWD, AO)
\bibhang=\skip55
\bibsep=\skip56
LaTeX Info: Redefining \cite on input line 694.
\c@NAT@ctr=\count106
)
(/usr/local/texlive/2016/texmf-dist/tex/latex/hyperref/hyperref.sty
Package: hyperref 2016/05/05 v6.83n Hypertext links for LaTeX

(/usr/local/texlive/2016/texmf-dist/tex/generic/oberdiek/hobsub-hyperref.sty
Package: hobsub-hyperref 2016/05/16 v1.14 Bundle oberdiek, subset hyperref (HO)


(/usr/local/texlive/2016/texmf-dist/tex/generic/oberdiek/hobsub-generic.sty
Package: hobsub-generic 2016/05/16 v1.14 Bundle oberdiek, subset generic (HO)
Package: hobsub 2016/05/16 v1.14 Construct package bundles (HO)
Package hobsub Info: Skipping package `infwarerr' (already loaded).
Package hobsub Info: Skipping package `ltxcmds' (already loaded).
Package: ifluatex 2016/05/16 v1.4 Provides the ifluatex switch (HO)
Package ifluatex Info: LuaTeX not detected.
Package: ifvtex 2016/05/16 v1.6 Detect VTeX and its facilities (HO)
Package ifvtex Info: VTeX not detected.
Package: intcalc 2016/05/16 v1.2 Expandable calculations with integers (HO)
Package: ifpdf 2016/05/14 v3.1 Provides the ifpdf switch
Package: etexcmds 2016/05/16 v1.6 Avoid name clashes with e-TeX commands (HO)
Package etexcmds Info: Could not find \expanded.
(etexcmds)             That can mean that you are not using pdfTeX 1.50 or
(etexcmds)             that some package has redefined \expanded.
(etexcmds)             In the latter case, load this package earlier.
Package: kvsetkeys 2016/05/16 v1.17 Key value parser (HO)
Package: kvdefinekeys 2016/05/16 v1.4 Define keys (HO)
Package: pdftexcmds 2016/05/10 v0.21 Utility functions of pdfTeX for LuaTeX (HO
)
Package pdftexcmds Info: LuaTeX not detected.
Package pdftexcmds Info: \pdf@primitive is available.
Package pdftexcmds Info: \pdf@ifprimitive is available.
Package pdftexcmds Info: \pdfdraftmode found.
Package: pdfescape 2016/05/16 v1.14 Implements pdfTeX's escape features (HO)
Package: bigintcalc 2016/05/16 v1.4 Expandable calculations on big integers (HO
)
Package: bitset 2016/05/16 v1.2 Handle bit-vector datatype (HO)
Package: uniquecounter 2016/05/16 v1.3 Provide unlimited unique counter (HO)
)
Package hobsub Info: Skipping package `hobsub' (already loaded).
Package: letltxmacro 2016/05/16 v1.5 Let assignment for LaTeX macros (HO)
Package: hopatch 2016/05/16 v1.3 Wrapper for package hooks (HO)
Package: xcolor-patch 2016/05/16 xcolor patch
Package: atveryend 2016/05/16 v1.9 Hooks at the very end of document (HO)
Package: atbegshi 2016/05/16 v1.17 At begin shipout hook (HO)
Package hobsub Info: Skipping package `refcount' (already loaded).
Package: hycolor 2016/05/16 v1.8 Color options for hyperref/bookmark (HO)
)
(/usr/local/texlive/2016/texmf-dist/tex/generic/ifxetex/ifxetex.sty
Package: ifxetex 2010/09/12 v0.6 Provides ifxetex conditional
)
(/usr/local/texlive/2016/texmf-dist/tex/latex/oberdiek/auxhook.sty
Package: auxhook 2016/05/16 v1.4 Hooks for auxiliary files (HO)
)
(/usr/local/texlive/2016/texmf-dist/tex/latex/oberdiek/kvoptions.sty
Package: kvoptions 2016/05/16 v3.12 Key value format for package options (HO)
)
\@linkdim=\dimen119
\Hy@linkcounter=\count107
\Hy@pagecounter=\count108

(/usr/local/texlive/2016/texmf-dist/tex/latex/hyperref/pd1enc.def
File: pd1enc.def 2016/05/05 v6.83n Hyperref: PDFDocEncoding definition (HO)
)
\Hy@SavedSpaceFactor=\count109

(/usr/local/texlive/2016/texmf-dist/tex/latex/latexconfig/hyperref.cfg
File: hyperref.cfg 2002/06/06 v1.2 hyperref configuration of TeXLive
)
Package hyperref Info: Option `bookmarksnumbered' set `true' on input line 4322
.
Package hyperref Info: Option `unicode' set `true' on input line 4322.

(/usr/local/texlive/2016/texmf-dist/tex/latex/hyperref/puenc.def
File: puenc.def 2016/05/05 v6.83n Hyperref: PDF Unicode definition (HO)
)
Package hyperref Info: Hyper figures OFF on input line 4446.
Package hyperref Info: Link nesting OFF on input line 4451.
Package hyperref Info: Hyper index ON on input line 4454.
Package hyperref Info: Plain pages OFF on input line 4461.
Package hyperref Info: Backreferencing OFF on input line 4466.
Package hyperref Info: Implicit mode ON; LaTeX internals redefined.
Package hyperref Info: Bookmarks ON on input line 4691.
\c@Hy@tempcnt=\count110

(/usr/local/texlive/2016/texmf-dist/tex/latex/url/url.sty
\Urlmuskip=\muskip11
Package: url 2013/09/16  ver 3.4  Verb mode for urls, etc.
)
LaTeX Info: Redefining \url on input line 5044.
\XeTeXLinkMargin=\dimen120
\Fld@menulength=\count111
\Field@Width=\dimen121
\Fld@charsize=\dimen122
Package hyperref Info: Hyper figures OFF on input line 6298.
Package hyperref Info: Link nesting OFF on input line 6303.
Package hyperref Info: Hyper index ON on input line 6306.
Package hyperref Info: backreferencing OFF on input line 6313.
Package hyperref Info: Link coloring OFF on input line 6318.
Package hyperref Info: Link coloring with OCG OFF on input line 6323.
Package hyperref Info: PDF/A mode OFF on input line 6328.
LaTeX Info: Redefining \ref on input line 6368.
LaTeX Info: Redefining \pageref on input line 6372.
\Hy@abspage=\count112
\c@Item=\count113
\c@Hfootnote=\count114
)

Package hyperref Message: Driver (autodetected): hpdftex.

(/usr/local/texlive/2016/texmf-dist/tex/latex/hyperref/hpdftex.def
File: hpdftex.def 2016/05/05 v6.83n Hyperref driver for pdfTeX
\Fld@listcount=\count115
\c@bookmark@seq@number=\count116

(/usr/local/texlive/2016/texmf-dist/tex/latex/oberdiek/rerunfilecheck.sty
Package: rerunfilecheck 2016/05/16 v1.8 Rerun checks for auxiliary files (HO)
Package uniquecounter Info: New unique counter `rerunfilecheck' on input line 2
82.
)
\Hy@SectionHShift=\skip57
)
(/usr/local/texlive/2016/texmf-dist/tex/latex/graphics/graphicx.sty
Package: graphicx 2014/10/28 v1.0g Enhanced LaTeX Graphics (DPC,SPQR)

(/usr/local/texlive/2016/texmf-dist/tex/latex/graphics/graphics.sty
Package: graphics 2016/05/09 v1.0r Standard LaTeX Graphics (DPC,SPQR)

(/usr/local/texlive/2016/texmf-dist/tex/latex/graphics/trig.sty
Package: trig 2016/01/03 v1.10 sin cos tan (DPC)
)
(/usr/local/texlive/2016/texmf-dist/tex/latex/graphics-cfg/graphics.cfg
File: graphics.cfg 2016/01/02 v1.10 sample graphics configuration
)
Package graphics Info: Driver file: pdftex.def on input line 96.

(/usr/local/texlive/2016/texmf-dist/tex/latex/pdftex-def/pdftex.def
File: pdftex.def 2011/05/27 v0.06d Graphics/color for pdfTeX
\Gread@gobject=\count117
))
\Gin@req@height=\dimen123
\Gin@req@width=\dimen124
)
(/usr/local/texlive/2016/texmf-dist/tex/latex/xcolor/xcolor.sty
Package: xcolor 2016/05/11 v2.12 LaTeX color extensions (UK)

(/usr/local/texlive/2016/texmf-dist/tex/latex/graphics-cfg/color.cfg
File: color.cfg 2016/01/02 v1.6 sample color configuration
)
Package xcolor Info: Driver file: pdftex.def on input line 225.
Package xcolor Info: Model `cmy' substituted by `cmy0' on input line 1348.
Package xcolor Info: Model `hsb' substituted by `rgb' on input line 1352.
Package xcolor Info: Model `RGB' extended on input line 1364.
Package xcolor Info: Model `HTML' substituted by `rgb' on input line 1366.
Package xcolor Info: Model `Hsb' substituted by `hsb' on input line 1367.
Package xcolor Info: Model `tHsb' substituted by `hsb' on input line 1368.
Package xcolor Info: Model `HSB' substituted by `hsb' on input line 1369.
Package xcolor Info: Model `Gray' substituted by `gray' on input line 1370.
Package xcolor Info: Model `wave' substituted by `hsb' on input line 1371.
)
(/usr/local/texlive/2016/texmf-dist/tex/latex/geometry/geometry.sty
Package: geometry 2010/09/12 v5.6 Page Geometry
\Gm@cnth=\count118
\Gm@cntv=\count119
\c@Gm@tempcnt=\count120
\Gm@bindingoffset=\dimen125
\Gm@wd@mp=\dimen126
\Gm@odd@mp=\dimen127
\Gm@even@mp=\dimen128
\Gm@layoutwidth=\dimen129
\Gm@layoutheight=\dimen130
\Gm@layouthoffset=\dimen131
\Gm@layoutvoffset=\dimen132
\Gm@dimlist=\toks30
)
(/usr/local/texlive/2016/texmf-dist/tex/latex/ncctools/manyfoot.sty
Package: manyfoot 2005/09/11 v1.10 Many Footnote Levels Package (NCC)

(/usr/local/texlive/2016/texmf-dist/tex/latex/ncctools/nccfoots.sty
Package: nccfoots 2005/02/03 v1.2 NCC Footnotes Package (NCC)
)
\MFL@columnwidth=\dimen133
)
\footinsauthorsaddresses=\insert198
\c@footnoteauthorsaddresses=\count121
\footinscopyrightpermission=\insert197
\c@footnotecopyrightpermission=\count122

(/usr/local/texlive/2016/texmf-dist/tex/generic/iftex/iftex.sty
Package: iftex 2013/04/04 v0.2 Provides if(tex) conditional for PDFTeX, XeTeX, 
and LuaTeX
)
(/usr/local/texlive/2016/texmf-dist/tex/generic/pdftex/glyphtounicode.tex)
(/usr/local/texlive/2016/texmf-dist/tex/latex/cmap/cmap.sty
Package: cmap 2008/03/06 v1.0h CMap support: searchable PDF
)
(/usr/local/texlive/2016/texmf-dist/tex/latex/libertine/libertine.sty
Package: libertine 2014/11/25 (Bob Tennent) Supports Libertine and Biolinum fon
ts for all LaTeX engines.

(/usr/local/texlive/2016/texmf-dist/tex/latex/base/textcomp.sty
Package: textcomp 2005/09/27 v1.99g Standard LaTeX package
Package textcomp Info: Sub-encoding information:
(textcomp)               5 = only ISO-Adobe without \textcurrency
(textcomp)               4 = 5 + \texteuro
(textcomp)               3 = 4 + \textohm
(textcomp)               2 = 3 + \textestimated + \textcurrency
(textcomp)               1 = TS1 - \textcircled - \t
(textcomp)               0 = TS1 (full)
(textcomp)             Font families with sub-encoding setting implement
(textcomp)             only a restricted character set as indicated.
(textcomp)             Family '?' is the default used for unknown fonts.
(textcomp)             See the documentation for details.
Package textcomp Info: Setting ? sub-encoding to TS1/1 on input line 79.

(/usr/local/texlive/2016/texmf-dist/tex/latex/base/ts1enc.def
File: ts1enc.def 2001/06/05 v3.0e (jk/car/fm) Standard LaTeX file
)
LaTeX Info: Redefining \oldstylenums on input line 334.
Package textcomp Info: Setting cmr sub-encoding to TS1/0 on input line 349.
Package textcomp Info: Setting cmss sub-encoding to TS1/0 on input line 350.
Package textcomp Info: Setting cmtt sub-encoding to TS1/0 on input line 351.
Package textcomp Info: Setting cmvtt sub-encoding to TS1/0 on input line 352.
Package textcomp Info: Setting cmbr sub-encoding to TS1/0 on input line 353.
Package textcomp Info: Setting cmtl sub-encoding to TS1/0 on input line 354.
Package textcomp Info: Setting ccr sub-encoding to TS1/0 on input line 355.
Package textcomp Info: Setting ptm sub-encoding to TS1/4 on input line 356.
Package textcomp Info: Setting pcr sub-encoding to TS1/4 on input line 357.
Package textcomp Info: Setting phv sub-encoding to TS1/4 on input line 358.
Package textcomp Info: Setting ppl sub-encoding to TS1/3 on input line 359.
Package textcomp Info: Setting pag sub-encoding to TS1/4 on input line 360.
Package textcomp Info: Setting pbk sub-encoding to TS1/4 on input line 361.
Package textcomp Info: Setting pnc sub-encoding to TS1/4 on input line 362.
Package textcomp Info: Setting pzc sub-encoding to TS1/4 on input line 363.
Package textcomp Info: Setting bch sub-encoding to TS1/4 on input line 364.
Package textcomp Info: Setting put sub-encoding to TS1/5 on input line 365.
Package textcomp Info: Setting uag sub-encoding to TS1/5 on input line 366.
Package textcomp Info: Setting ugq sub-encoding to TS1/5 on input line 367.
Package textcomp Info: Setting ul8 sub-encoding to TS1/4 on input line 368.
Package textcomp Info: Setting ul9 sub-encoding to TS1/4 on input line 369.
Package textcomp Info: Setting augie sub-encoding to TS1/5 on input line 370.
Package textcomp Info: Setting dayrom sub-encoding to TS1/3 on input line 371.
Package textcomp Info: Setting dayroms sub-encoding to TS1/3 on input line 372.

Package textcomp Info: Setting pxr sub-encoding to TS1/0 on input line 373.
Package textcomp Info: Setting pxss sub-encoding to TS1/0 on input line 374.
Package textcomp Info: Setting pxtt sub-encoding to TS1/0 on input line 375.
Package textcomp Info: Setting txr sub-encoding to TS1/0 on input line 376.
Package textcomp Info: Setting txss sub-encoding to TS1/0 on input line 377.
Package textcomp Info: Setting txtt sub-encoding to TS1/0 on input line 378.
Package textcomp Info: Setting lmr sub-encoding to TS1/0 on input line 379.
Package textcomp Info: Setting lmdh sub-encoding to TS1/0 on input line 380.
Package textcomp Info: Setting lmss sub-encoding to TS1/0 on input line 381.
Package textcomp Info: Setting lmssq sub-encoding to TS1/0 on input line 382.
Package textcomp Info: Setting lmvtt sub-encoding to TS1/0 on input line 383.
Package textcomp Info: Setting lmtt sub-encoding to TS1/0 on input line 384.
Package textcomp Info: Setting qhv sub-encoding to TS1/0 on input line 385.
Package textcomp Info: Setting qag sub-encoding to TS1/0 on input line 386.
Package textcomp Info: Setting qbk sub-encoding to TS1/0 on input line 387.
Package textcomp Info: Setting qcr sub-encoding to TS1/0 on input line 388.
Package textcomp Info: Setting qcs sub-encoding to TS1/0 on input line 389.
Package textcomp Info: Setting qpl sub-encoding to TS1/0 on input line 390.
Package textcomp Info: Setting qtm sub-encoding to TS1/0 on input line 391.
Package textcomp Info: Setting qzc sub-encoding to TS1/0 on input line 392.
Package textcomp Info: Setting qhvc sub-encoding to TS1/0 on input line 393.
Package textcomp Info: Setting futs sub-encoding to TS1/4 on input line 394.
Package textcomp Info: Setting futx sub-encoding to TS1/4 on input line 395.
Package textcomp Info: Setting futj sub-encoding to TS1/4 on input line 396.
Package textcomp Info: Setting hlh sub-encoding to TS1/3 on input line 397.
Package textcomp Info: Setting hls sub-encoding to TS1/3 on input line 398.
Package textcomp Info: Setting hlst sub-encoding to TS1/3 on input line 399.
Package textcomp Info: Setting hlct sub-encoding to TS1/5 on input line 400.
Package textcomp Info: Setting hlx sub-encoding to TS1/5 on input line 401.
Package textcomp Info: Setting hlce sub-encoding to TS1/5 on input line 402.
Package textcomp Info: Setting hlcn sub-encoding to TS1/5 on input line 403.
Package textcomp Info: Setting hlcw sub-encoding to TS1/5 on input line 404.
Package textcomp Info: Setting hlcf sub-encoding to TS1/5 on input line 405.
Package textcomp Info: Setting pplx sub-encoding to TS1/3 on input line 406.
Package textcomp Info: Setting pplj sub-encoding to TS1/3 on input line 407.
Package textcomp Info: Setting ptmx sub-encoding to TS1/4 on input line 408.
Package textcomp Info: Setting ptmj sub-encoding to TS1/4 on input line 409.
)
(/usr/local/texlive/2016/texmf-dist/tex/latex/mweights/mweights.sty
Package: mweights 2013/07/21 (Bob Tennent) Support package for multiple-weight 
font packages. 
LaTeX Info: Redefining \bfseries on input line 22.
LaTeX Info: Redefining \mdseries on input line 29.
LaTeX Info: Redefining \rmfamily on input line 36.
LaTeX Info: Redefining \sffamily on input line 53.
LaTeX Info: Redefining \ttfamily on input line 70.
)
(/usr/local/texlive/2016/texmf-dist/tex/latex/base/fontenc.sty
Package: fontenc 2005/09/27 v1.99g Standard LaTeX package
)
(/usr/local/texlive/2016/texmf-dist/tex/latex/fontaxes/fontaxes.sty
Package: fontaxes 2014/03/23 v1.0d Font selection axes
LaTeX Info: Redefining \upshape on input line 29.
LaTeX Info: Redefining \itshape on input line 31.
LaTeX Info: Redefining \slshape on input line 33.
LaTeX Info: Redefining \scshape on input line 37.
)
LaTeX Info: Redefining \oldstylenums on input line 478.

(/usr/local/texlive/2016/texmf-dist/tex/latex/libertine/LinLibertine_I.tex))
(/usr/local/texlive/2016/texmf-dist/tex/latex/inconsolata/zi4.sty
Package: zi4 2016/02/22 v1.10

`inconsolata-zi4' v1.10, 2016/02/22 Text macros for Inconsolata (msharpe)
\zifour@ocount=\count123
)
(/usr/local/texlive/2016/texmf-dist/tex/latex/newtx/newtxmath.sty
Package: newtxmath 2016/03/27 v1.466

`newtxmath' v1.466, 2016/03/27 Math macros based on txfonts (msharpe)
(/usr/local/texlive/2016/texmf-dist/tex/generic/kastrup/binhex.tex)
\tx@Isdigit=\count124
LaTeX Font Info:    Redeclaring symbol font `operators' on input line 137.
LaTeX Font Info:    Overwriting symbol font `operators' in version `normal'
(Font)                  OT1/cmr/m/n --> OT1/LinuxLibertineT-TLF/m/n on input li
ne 137.
LaTeX Font Info:    Overwriting symbol font `operators' in version `bold'
(Font)                  OT1/cmr/bx/n --> OT1/LinuxLibertineT-TLF/m/n on input l
ine 137.
LaTeX Font Info:    Overwriting symbol font `operators' in version `bold'
(Font)                  OT1/LinuxLibertineT-TLF/m/n --> OT1/LinuxLibertineT-TLF
/sb/n on input line 138.
LaTeX Font Info:    Redeclaring math alphabet \mathsf on input line 144.
LaTeX Font Info:    Overwriting math alphabet `\mathsf' in version `normal'
(Font)                  OT1/cmss/m/n --> OT1/LinuxBiolinumT-TLF/m/n on input li
ne 144.
LaTeX Font Info:    Overwriting math alphabet `\mathsf' in version `bold'
(Font)                  OT1/cmss/bx/n --> OT1/LinuxBiolinumT-TLF/m/n on input l
ine 144.
LaTeX Font Info:    Redeclaring math alphabet \mathit on input line 145.
LaTeX Font Info:    Overwriting math alphabet `\mathit' in version `normal'
(Font)                  OT1/cmr/m/it --> OT1/LinuxLibertineT-TLF/m/it on input 
line 145.
LaTeX Font Info:    Overwriting math alphabet `\mathit' in version `bold'
(Font)                  OT1/cmr/bx/it --> OT1/LinuxLibertineT-TLF/m/it on input
 line 145.
LaTeX Font Info:    Redeclaring math alphabet \mathtt on input line 146.
LaTeX Font Info:    Overwriting math alphabet `\mathtt' in version `normal'
(Font)                  OT1/cmtt/m/n --> OT1/zi4/m/n on input line 146.
LaTeX Font Info:    Overwriting math alphabet `\mathtt' in version `bold'
(Font)                  OT1/cmtt/m/n --> OT1/zi4/m/n on input line 146.
LaTeX Font Info:    Redeclaring math alphabet \mathbf on input line 148.
LaTeX Font Info:    Overwriting math alphabet `\mathbf' in version `normal'
(Font)                  OT1/cmr/bx/n --> OT1/LinuxLibertineT-TLF/sb/n on input 
line 148.
LaTeX Font Info:    Overwriting math alphabet `\mathbf' in version `bold'
(Font)                  OT1/cmr/bx/n --> OT1/LinuxLibertineT-TLF/sb/n on input 
line 148.
LaTeX Font Info:    Overwriting math alphabet `\mathit' in version `bold'
(Font)                  OT1/LinuxLibertineT-TLF/m/it --> OT1/LinuxLibertineT-TL
F/sb/it on input line 149.
LaTeX Font Info:    Overwriting math alphabet `\mathsf' in version `bold'
(Font)                  OT1/LinuxBiolinumT-TLF/m/n --> OT1/LinuxBiolinumT-TLF/b
/n on input line 150.
LaTeX Font Info:    Overwriting math alphabet `\mathtt' in version `bold'
(Font)                  OT1/zi4/m/n --> OT1/zi4/b/n on input line 151.
LaTeX Font Info:    Redeclaring symbol font `letters' on input line 163.
LaTeX Font Info:    Overwriting symbol font `letters' in version `normal'
(Font)                  OML/cmm/m/it --> OML/nxlmi/m/it on input line 163.
LaTeX Font Info:    Overwriting symbol font `letters' in version `bold'
(Font)                  OML/cmm/b/it --> OML/nxlmi/m/it on input line 163.
LaTeX Font Info:    Overwriting symbol font `letters' in version `bold'
(Font)                  OML/nxlmi/m/it --> OML/nxlmi/b/it on input line 164.
\symlettersA=\mathgroup6
LaTeX Font Info:    Overwriting symbol font `lettersA' in version `bold'
(Font)                  U/ntxmia/m/it --> U/ntxmia/b/it on input line 213.
LaTeX Font Info:    Redeclaring math alphabet \mathfrak on input line 215.
LaTeX Font Info:    Redeclaring symbol font `symbols' on input line 221.
LaTeX Font Info:    Overwriting symbol font `symbols' in version `normal'
(Font)                  OMS/cmsy/m/n --> OMS/ntxsy/m/n on input line 221.
LaTeX Font Info:    Overwriting symbol font `symbols' in version `bold'
(Font)                  OMS/cmsy/b/n --> OMS/ntxsy/m/n on input line 221.
LaTeX Font Info:    Overwriting symbol font `symbols' in version `bold'
(Font)                  OMS/ntxsy/m/n --> OMS/ntxsy/b/n on input line 222.
\symAMSm=\mathgroup7
LaTeX Font Info:    Overwriting symbol font `AMSm' in version `bold'
(Font)                  U/ntxsym/m/n --> U/ntxsym/b/n on input line 242.
\symsymbolsC=\mathgroup8
LaTeX Font Info:    Overwriting symbol font `symbolsC' in version `bold'
(Font)                  U/ntxsyc/m/n --> U/ntxsyc/b/n on input line 263.
LaTeX Font Info:    Redeclaring symbol font `largesymbols' on input line 276.
LaTeX Font Info:    Encoding `OMX' has changed to `LMX' for symbol font
(Font)              `largesymbols' in the math version `normal' on input line 2
76.
LaTeX Font Info:    Overwriting symbol font `largesymbols' in version `normal'
(Font)                  OMX/cmex/m/n --> LMX/ntxexx/m/n on input line 276.
LaTeX Font Info:    Encoding `OMX' has changed to `LMX' for symbol font
(Font)              `largesymbols' in the math version `bold' on input line 276
.
LaTeX Font Info:    Overwriting symbol font `largesymbols' in version `bold'
(Font)                  OMX/cmex/m/n --> LMX/ntxexx/m/n on input line 276.
LaTeX Font Info:    Overwriting symbol font `largesymbols' in version `bold'
(Font)                  LMX/ntxexx/m/n --> LMX/ntxexx/b/n on input line 277.
\symlargesymbolsTXA=\mathgroup9
LaTeX Font Info:    Overwriting symbol font `largesymbolsTXA' in version `bold'

(Font)                  U/ntxexa/m/n --> U/ntxexa/b/n on input line 291.
LaTeX Info: Redefining \not on input line 1749.
LaTeX Info: Redefining \textsquare on input line 1770.
LaTeX Info: Redefining \openbox on input line 1772.
)
(/usr/local/texlive/2016/texmf-dist/tex/latex/base/fontenc.sty
Package: fontenc 2005/09/27 v1.99g Standard LaTeX package

(/usr/local/texlive/2016/texmf-dist/tex/latex/base/t1enc.def
File: t1enc.def 2005/09/27 v1.99g Standard LaTeX file
LaTeX Font Info:    Redeclaring font encoding T1 on input line 48.
)<<t1.cmap>>)
(/usr/local/texlive/2016/texmf-dist/tex/latex/caption/caption.sty
Package: caption 2016/02/21 v3.3-144 Customizing captions (AR)

(/usr/local/texlive/2016/texmf-dist/tex/latex/caption/caption3.sty
Package: caption3 2016/02/04 v1.7-139 caption3 kernel (AR)
Package caption3 Info: TeX engine: e-TeX on input line 67.
\captionmargin=\dimen134
\captionmargin@=\dimen135
\captionwidth=\dimen136
\caption@tempdima=\dimen137
\caption@indent=\dimen138
\caption@parindent=\dimen139
\caption@hangindent=\dimen140
)
Package caption Info: AMS or SMF document class.
\c@ContinuedFloat=\count125
Package caption Info: hyperref package is loaded.
)
(/usr/local/texlive/2016/texmf-dist/tex/latex/float/float.sty
Package: float 2001/11/08 v1.3d Float enhancements (AL)
\c@float@type=\count126
\float@exts=\toks31
\float@box=\box35
\@float@everytoks=\toks32
\@floatcapt=\box36
)
\@float@every@sidebar=\toks33
\c@sidebar=\count127
\fulltextwidth=\dimen141
\@ACM@labelwidth=\dimen142
\listisep=\skip58
\num@authorgroups=\count128
\num@authors=\count129
\@ACM@badge@width=\skip59
\@ACM@title@width=\skip60
\@ACM@badge@skip=\skip61
Class acmart Info: Printing CCS on input line 1267.
Class acmart Info: Printing bibformat on input line 1267.
Class acmart Info: Suppressing folios on input line 1274.
Class acmart Info: Setting authorsperrow to 0 on input line 1277.

(/usr/local/texlive/2016/texmf-dist/tex/latex/comment/comment.sty
\CommentStream=\write4

Excluding comment 'comment') Excluding comment 'CCSXML'
\mktitle@bx=\box37
\@ACM@commabox=\box38
\author@bx=\box39
\author@bx@wd=\dimen143
\author@bx@sep=\skip62

(/usr/local/texlive/2016/texmf-dist/tex/latex/fancyhdr/fancyhdr.sty
\fancy@headwidth=\skip63
\f@ncyO@elh=\skip64
\f@ncyO@erh=\skip65
\f@ncyO@olh=\skip66
\f@ncyO@orh=\skip67
\f@ncyO@elf=\skip68
\f@ncyO@erf=\skip69
\f@ncyO@olf=\skip70
\f@ncyO@orf=\skip71
)
\@folio@wd=\dimen144
\@folio@ht=\dimen145
\@folio@voffset=\dimen146

Special comment 'acks'
LaTeX Font Info:    Try loading font information for T1+LinuxLibertineT-TLF on 
input line 2535.

(/usr/local/texlive/2016/texmf-dist/tex/latex/libertine/T1LinuxLibertineT-TLF.f
d
File: T1LinuxLibertineT-TLF.fd 2012/11/26 (autoinst) Font definitions for T1/Li
nuxLibertineT-TLF.
)
LaTeX Font Info:    Font shape `T1/LinuxLibertineT-TLF/m/n' will be
(Font)              scaled to size 10.0pt on input line 2535.
 (/usr/local/texlive/2016/texmf-dist/tex/latex/booktabs/booktabs.sty
Package: booktabs 2016/04/27 v1.618033 publication quality tables
\heavyrulewidth=\dimen147
\lightrulewidth=\dimen148
\cmidrulewidth=\dimen149
\belowrulesep=\dimen150
\belowbottomsep=\dimen151
\aboverulesep=\dimen152
\abovetopsep=\dimen153
\cmidrulesep=\dimen154
\cmidrulekern=\dimen155
\defaultaddspace=\dimen156
\@cmidla=\count130
\@cmidlb=\count131
\@aboverulesep=\dimen157
\@belowrulesep=\dimen158
\@thisruleclass=\count132
\@lastruleclass=\count133
\@thisrulewidth=\dimen159
))
(/usr/local/texlive/2016/texmf-dist/tex/generic/babel/babel.sty
Package: babel 2016/04/23 3.9r The Babel package

(/usr/local/texlive/2016/texmf-dist/tex/generic/babel-english/english.ldf
Language: english 2012/08/20 v3.3p English support from the babel system

(/usr/local/texlive/2016/texmf-dist/tex/generic/babel/babel.def
File: babel.def 2016/04/23 3.9r Babel common definitions
\babel@savecnt=\count134
\U@D=\dimen160
)
\l@canadian = a dialect from \language\l@american 
\l@australian = a dialect from \language\l@british 
\l@newzealand = a dialect from \language\l@british 
))
(/usr/local/texlive/2016/texmf-dist/tex/latex/blindtext/blindtext.sty
Package: blindtext 2012/01/06 V2.0 blindtext-Package

(/usr/local/texlive/2016/texmf-dist/tex/latex/tools/xspace.sty
Package: xspace 2014/10/28 v1.13 Space after command names (DPC,MH)
)
\c@blindtext=\count135
\c@Blindtext=\count136
\c@blind@countparstart=\count137
\blind@countxx=\count138
\blindtext@numBlindtext=\count139
\blind@countyy=\count140
\c@blindlist=\count141
\c@blindlistlevel=\count142
\c@blindlist@level=\count143
\blind@listitem=\count144
\c@blind@listcount=\count145
\c@blind@levelcount=\count146
\blind@mathformula=\count147
\blind@Mathformula=\count148
\c@blind@randomcount=\count149
\c@blind@randommax=\count150
\c@blind@pangramcount=\count151
\c@blind@pangrammax=\count152
)
(/usr/local/texlive/2016/texmf-dist/tex/latex/tools/bm.sty
Package: bm 2016/02/27 v1.2a Bold Symbol Support (DPC/FMi)
\symboldoperators=\mathgroup10
\symboldletters=\mathgroup11
\symboldsymbols=\mathgroup12
\symboldlargesymbols=\mathgroup13
LaTeX Font Info:    Redeclaring math alphabet \mathbf on input line 142.
LaTeX Info: Redefining \bm on input line 208.
)
(/usr/local/texlive/2016/texmf-dist/tex/latex/subfig/subfig.sty
Package: subfig 2005/06/28 ver: 1.3 subfig package
\c@KVtest=\count153
\sf@farskip=\skip72
\sf@captopadj=\dimen161
\sf@capskip=\skip73
\sf@nearskip=\skip74
\c@subfigure=\count154
\c@subfigure@save=\count155
\c@lofdepth=\count156
\c@subtable=\count157
\c@subtable@save=\count158
\c@lotdepth=\count159
\sf@top=\skip75
\sf@bottom=\skip76
)
(/usr/local/texlive/2016/texmf-dist/tex/latex/algorithms/algorithm.sty
Package: algorithm 2009/08/24 v0.1 Document Style `algorithm' - floating enviro
nment

(/usr/local/texlive/2016/texmf-dist/tex/latex/base/ifthen.sty
Package: ifthen 2014/09/29 v1.1c Standard LaTeX ifthen package (DPC)
)
\@float@every@algorithm=\toks34
\c@algorithm=\count160
)
(/usr/local/texlive/2016/texmf-dist/tex/latex/multirow/multirow.sty
\bigstrutjot=\dimen162
)
(/usr/local/texlive/2016/texmf-dist/tex/latex/oberdiek/epstopdf.sty
Package: epstopdf 2016/05/15 v2.6 Conversion with epstopdf on the fly (HO)

(/usr/local/texlive/2016/texmf-dist/tex/latex/oberdiek/epstopdf-base.sty
Package: epstopdf-base 2016/05/15 v2.6 Base part for package epstopdf

(/usr/local/texlive/2016/texmf-dist/tex/latex/oberdiek/grfext.sty
Package: grfext 2016/05/16 v1.2 Manage graphics extensions (HO)
)
Package grfext Info: Graphics extension search list:
(grfext)             [.png,.pdf,.jpg,.mps,.jpeg,.jbig2,.jb2,.PNG,.PDF,.JPG,.JPE
G,.JBIG2,.JB2,.eps]
(grfext)             \AppendGraphicsExtensions on input line 456.

(/usr/local/texlive/2016/texmf-dist/tex/latex/latexconfig/epstopdf-sys.cfg
File: epstopdf-sys.cfg 2010/07/13 v1.3 Configuration of (r)epstopdf for TeX Liv
e
)))
(/usr/local/texlive/2016/texmf-dist/tex/latex/algorithmicx/algpseudocode.sty
Package: algpseudocode 

(/usr/local/texlive/2016/texmf-dist/tex/latex/algorithmicx/algorithmicx.sty
Package: algorithmicx 2005/04/27 v1.2 Algorithmicx

Document Style algorithmicx 1.2 - a greatly improved `algorithmic' style
\c@ALG@line=\count161
\c@ALG@rem=\count162
\c@ALG@nested=\count163
\ALG@tlm=\skip77
\ALG@thistlm=\skip78
\c@ALG@Lnr=\count164
\c@ALG@blocknr=\count165
\c@ALG@storecount=\count166
\c@ALG@tmpcounter=\count167
\ALG@tmplength=\skip79
)
Document Style - pseudocode environments for use with the `algorithmicx' style
)
Class acmart Info: Suppressing bibformat on input line 28.
Class acmart Info: Suppressing CCS on input line 28.
Class acmart Info: Printing folios on input line 28.
\c@theorem=\count168
 Excluding comment 'screenonly' Include comment 'printonly'
Include comment 'anonsuppress' (./paper.aux)
\openout1 = `paper.aux'.

LaTeX Font Info:    Checking defaults for OML/nxlmi/m/it on input line 45.
LaTeX Font Info:    Try loading font information for OML+nxlmi on input line 45
.

(/usr/local/texlive/2016/texmf-dist/tex/latex/newtx/omlnxlmi.fd
File: omlnxlmi.fd 2013/11/19 Fontinst v1.933 font definitions for OML/nxlmi.
)
LaTeX Font Info:    ... okay on input line 45.
LaTeX Font Info:    Checking defaults for T1/cmr/m/n on input line 45.
LaTeX Font Info:    ... okay on input line 45.
LaTeX Font Info:    Checking defaults for OT1/cmr/m/n on input line 45.
LaTeX Font Info:    ... okay on input line 45.
LaTeX Font Info:    Checking defaults for OMS/ntxsy/m/n on input line 45.
LaTeX Font Info:    Try loading font information for OMS+ntxsy on input line 45
.

(/usr/local/texlive/2016/texmf-dist/tex/latex/newtx/omsntxsy.fd
File: omsntxsy.fd 2012/11/14 Fontinst v1.933 font definitions for OMS/ntxsy.
)
LaTeX Font Info:    ... okay on input line 45.
LaTeX Font Info:    Checking defaults for OMX/cmex/m/n on input line 45.
LaTeX Font Info:    ... okay on input line 45.
LaTeX Font Info:    Checking defaults for U/ntxexa/m/n on input line 45.
LaTeX Font Info:    Try loading font information for U+ntxexa on input line 45.


(/usr/local/texlive/2016/texmf-dist/tex/latex/newtx/untxexa.fd
File: untxexa.fd 2012/04/16 Fontinst v1.933 font definitions for U/ntxexa.
)
LaTeX Font Info:    ... okay on input line 45.
LaTeX Font Info:    Checking defaults for PD1/pdf/m/n on input line 45.
LaTeX Font Info:    ... okay on input line 45.
LaTeX Font Info:    Checking defaults for PU/pdf/m/n on input line 45.
LaTeX Font Info:    ... okay on input line 45.
LaTeX Font Info:    Checking defaults for TS1/cmr/m/n on input line 45.
LaTeX Font Info:    Try loading font information for TS1+cmr on input line 45.

(/usr/local/texlive/2016/texmf-dist/tex/latex/base/ts1cmr.fd
File: ts1cmr.fd 2014/09/29 v2.5h Standard LaTeX font definitions
)
LaTeX Font Info:    ... okay on input line 45.
LaTeX Font Info:    Checking defaults for LMX/ntxexx/m/n on input line 45.
LaTeX Font Info:    ... okay on input line 45.
LaTeX Font Info:    Font shape `T1/LinuxLibertineT-TLF/m/n' will be
(Font)              scaled to size 8.0pt on input line 45.
LaTeX Font Info:    Try loading font information for OT1+LinuxLibertineT-TLF on
 input line 45.

(/usr/local/texlive/2016/texmf-dist/tex/latex/libertine/OT1LinuxLibertineT-TLF.
fd
File: OT1LinuxLibertineT-TLF.fd 2012/11/26 (autoinst) Font definitions for OT1/
LinuxLibertineT-TLF.
)
LaTeX Font Info:    Font shape `OT1/LinuxLibertineT-TLF/m/n' will be
(Font)              scaled to size 8.0pt on input line 45.
<<ot1.cmap>>
LaTeX Font Info:    Font shape `OT1/LinuxLibertineT-TLF/m/n' will be
(Font)              scaled to size 6.2pt on input line 45.
LaTeX Font Info:    Font shape `OT1/LinuxLibertineT-TLF/m/n' will be
(Font)              scaled to size 5.5pt on input line 45.
<<oml.cmap>><<oms.cmap>>
LaTeX Font Info:    Try loading font information for U+msa on input line 45.

(/usr/local/texlive/2016/texmf-dist/tex/latex/amsfonts/umsa.fd
File: umsa.fd 2013/01/14 v3.01 AMS symbols A
)
LaTeX Font Info:    Try loading font information for U+msb on input line 45.

(/usr/local/texlive/2016/texmf-dist/tex/latex/amsfonts/umsb.fd
File: umsb.fd 2013/01/14 v3.01 AMS symbols B
)
LaTeX Font Info:    Try loading font information for U+ntxmia on input line 45.


(/usr/local/texlive/2016/texmf-dist/tex/latex/newtx/untxmia.fd
File: untxmia.fd 2012/04/16 Fontinst v1.933 font definitions for U/ntxmia.
)
LaTeX Font Info:    Try loading font information for U+ntxsym on input line 45.


(/usr/local/texlive/2016/texmf-dist/tex/latex/newtx/untxsym.fd
File: untxsym.fd 2015/03/20 Fontinst v1.933 font definitions for U/ntxsym.
)
LaTeX Font Info:    Try loading font information for U+ntxsyc on input line 45.


(/usr/local/texlive/2016/texmf-dist/tex/latex/newtx/untxsyc.fd
File: untxsyc.fd 2012/04/12 Fontinst v1.933 font definitions for U/ntxsyc.
)
LaTeX Font Info:    Font shape `OT1/LinuxLibertineT-TLF/sb/n' will be
(Font)              scaled to size 8.0pt on input line 45.
LaTeX Font Info:    Font shape `OT1/LinuxLibertineT-TLF/sb/n' will be
(Font)              scaled to size 6.2pt on input line 45.
LaTeX Font Info:    Font shape `OT1/LinuxLibertineT-TLF/sb/n' will be
(Font)              scaled to size 5.5pt on input line 45.
LaTeX Info: Redefining \microtypecontext on input line 45.
Package microtype Info: Generating PDF output.
Package microtype Info: Character protrusion enabled (level 2).
Package microtype Info: Using default protrusion set `alltext'.
Package microtype Info: Automatic font expansion enabled (level 2),
(microtype)             stretch: 20, shrink: 20, step: 1, non-selected.
Package microtype Info: Using default expansion set `basictext'.
Package microtype Info: No adjustment of tracking.
Package microtype Info: No adjustment of interword spacing.
Package microtype Info: No adjustment of character kerning.
Package microtype Info: Loading generic settings for font family
(microtype)             `LinuxLibertineT-TLF' (encoding: T1).
(microtype)             For optimal results, create family-specific settings.
(microtype)             See the microtype manual for details.

ABD: EveryShipout initializing macros
\AtBeginShipoutBox=\box40
Package hyperref Info: Link coloring OFF on input line 45.

(/usr/local/texlive/2016/texmf-dist/tex/latex/hyperref/nameref.sty
Package: nameref 2012/10/27 v2.43 Cross-referencing by name of section

(/usr/local/texlive/2016/texmf-dist/tex/generic/oberdiek/gettitlestring.sty
Package: gettitlestring 2016/05/16 v1.5 Cleanup title references (HO)
)
\c@section@level=\count169
)
LaTeX Info: Redefining \ref on input line 45.
LaTeX Info: Redefining \pageref on input line 45.
LaTeX Info: Redefining \nameref on input line 45.

(./paper.out) (./paper.out)
\@outlinefile=\write5
\openout5 = `paper.out'.


(/usr/local/texlive/2016/texmf-dist/tex/context/base/mkii/supp-pdf.mkii
[Loading MPS to PDF converter (version 2006.09.02).]
\scratchcounter=\count170
\scratchdimen=\dimen163
\scratchbox=\box41
\nofMPsegments=\count171
\nofMParguments=\count172
\everyMPshowfont=\toks35
\MPscratchCnt=\count173
\MPscratchDim=\dimen164
\MPnumerator=\count174
\makeMPintoPDFobject=\count175
\everyMPtoPDFconversion=\toks36
)
*geometry* driver: auto-detecting
*geometry* detected driver: pdftex
*geometry* verbose mode - [ preamble ] result:
* driver: pdftex
* paper: custom
* layout: <same size as paper>
* layoutoffset:(h,v)=(0.0pt,0.0pt)
* modes: includehead includefoot twoside heightrounded 
* h-part:(L,W,R)=(54.0pt, 506.295pt, 54.0pt)
* v-part:(T,H,B)=(57.0pt, 664.96999pt, 73.0pt)
* \paperwidth=614.295pt
* \paperheight=794.96999pt
* \textwidth=506.295pt
* \textheight=622.0pt
* \oddsidemargin=-18.26999pt
* \evensidemargin=-18.26999pt
* \topmargin=-15.26999pt
* \headheight=13.0pt
* \headsep=14.0pt
* \topskip=10.0pt
* \footskip=12.0pt
* \marginparwidth=24.0pt
* \marginparsep=11.0pt
* \columnsep=24.0pt
* \skip\footins=7.0pt plus 11.0pt
* \hoffset=0.0pt
* \voffset=0.0pt
* \mag=1000
* \@twocolumnfalse
* \@twosidetrue
* \@mparswitchtrue
* \@reversemarginfalse
* (1in=72.27pt=25.4mm, 1cm=28.453pt)

\c@mv@tabular=\count176
\c@mv@boldtabular=\count177
(/usr/local/texlive/2016/texmf-dist/tex/latex/upquote/upquote.sty
Package: upquote 2012/04/19 v1.3 upright-quote and grave-accent glyphs in verba
tim
)
Package caption Info: Begin \AtBeginDocument code.
Package caption Info: subfig package v1.3 is loaded.
Package caption Info: float package is loaded.
Package caption Info: End \AtBeginDocument code.
LaTeX Font Info:    Font shape `T1/LinuxLibertineT-TLF/m/n' will be
(Font)              scaled to size 20.74pt on input line 73.
LaTeX Font Info:    Try loading font information for T1+LinuxBiolinumT-TLF on i
nput line 73.

(/usr/local/texlive/2016/texmf-dist/tex/latex/libertine/T1LinuxBiolinumT-TLF.fd
File: T1LinuxBiolinumT-TLF.fd 2012/11/26 (autoinst) Font definitions for T1/Lin
uxBiolinumT-TLF.
)
LaTeX Font Info:    Font shape `T1/LinuxBiolinumT-TLF/m/n' will be
(Font)              scaled to size 20.74pt on input line 73.
Package microtype Info: Loading generic settings for font family
(microtype)             `LinuxBiolinumT-TLF' (encoding: T1).
(microtype)             For optimal results, create family-specific settings.
(microtype)             See the microtype manual for details.
LaTeX Font Info:    Font shape `T1/LinuxBiolinumT-TLF/bx/n' in size <20.74> not
 available
(Font)              Font shape `T1/LinuxBiolinumT-TLF/b/n' tried instead on inp
ut line 73.
LaTeX Font Info:    Font shape `T1/LinuxBiolinumT-TLF/b/n' will be
(Font)              scaled to size 20.74pt on input line 73.
LaTeX Font Info:    Font shape `T1/LinuxLibertineT-TLF/m/n' will be
(Font)              scaled to size 14.4pt on input line 73.
LaTeX Font Info:    Font shape `T1/LinuxLibertineT-TLF/m/n' will be
(Font)              scaled to size 10.95pt on input line 73.
LaTeX Font Info:    Font shape `T1/LinuxLibertineT-TLF/b/n' will be
(Font)              scaled to size 10.0pt on input line 73.
LaTeX Font Info:    Font shape `T1/LinuxLibertineT-TLF/b/n' will be
(Font)              scaled to size 12.0pt on input line 73.
 (./sections/introduction.tex
Overfull \hbox (1.6567pt too wide) in paragraph at lines 7--8
\T1/LinuxLibertineT-TLF/m/n/10 (-20) ap-prox-i-ma-tion of user-perceived qual-i
ty, since user-perceived
 []


Underfull \vbox (badness 1629) has occurred while \output is active []

LaTeX Font Info:    Font shape `OT1/LinuxLibertineT-TLF/m/n' will be
(Font)              scaled to size 10.0pt on input line 13.
Package microtype Info: Loading generic settings for font family
(microtype)             `LinuxLibertineT-TLF' (encoding: OT1).
(microtype)             For optimal results, create family-specific settings.
(microtype)             See the microtype manual for details.
LaTeX Font Info:    Font shape `OT1/LinuxLibertineT-TLF/m/n' will be
(Font)              scaled to size 7.3pt on input line 13.

(/usr/local/texlive/2016/texmf-dist/tex/latex/microtype/mt-msa.cfg
File: mt-msa.cfg 2006/02/04 v1.1 microtype config. file: AMS symbols (a) (RS)
)
(/usr/local/texlive/2016/texmf-dist/tex/latex/microtype/mt-msb.cfg
File: mt-msb.cfg 2005/06/01 v1.0 microtype config. file: AMS symbols (b) (RS)
)
LaTeX Font Info:    Font shape `OT1/LinuxLibertineT-TLF/sb/n' will be
(Font)              scaled to size 10.0pt on input line 13.
LaTeX Font Info:    Font shape `OT1/LinuxLibertineT-TLF/sb/n' will be
(Font)              scaled to size 7.3pt on input line 13.

Overfull \hbox (20.75659pt too wide) in paragraph at lines 15--16
[]\T1/LinuxLibertineT-TLF/b/n/10 Challenge 2: Tra-di-tional grid-like video til
ing scheme
 []

[1.1{/usr/local/texlive/2016/texmf-var/fonts/map/pdftex/updmap/pdftex.map}

]
LaTeX Font Info:    Font shape `T1/LinuxLibertineT-TLF/m/it' will be
(Font)              scaled to size 10.0pt on input line 25.

Overfull \hbox (13.34703pt too wide) in paragraph at lines 33--34
\T1/LinuxLibertineT-TLF/m/n/10 (-20) the value of each pixel of each frame, it 
can be well-approximated
 []

Package epstopdf Info: Source file: <images/first_image.eps>
(epstopdf)                    date: 2019-01-16 11:33:14
(epstopdf)                    size: 14846 bytes
(epstopdf)             Output file: <images/first_image-eps-converted-to.pdf>
(epstopdf)                    date: 2019-01-16 11:38:46
(epstopdf)                    size: 7285 bytes
(epstopdf)             Command: <repstopdf --outfile=images/first_image-eps-con
verted-to.pdf images/first_image.eps>
(epstopdf)             \includegraphics on input line 41.
Package epstopdf Info: Output file is already uptodate.
<images/first_image-eps-converted-to.pdf, id=161, 562.1pt x 421.575pt>
File: images/first_image-eps-converted-to.pdf Graphic file (type pdf)

<use images/first_image-eps-converted-to.pdf>
Package pdftex.def Info: images/first_image-eps-converted-to.pdf used on input 
line 41.
(pdftex.def)             Requested size: 216.81pt x 162.60599pt.

Overfull \hbox (15.71086pt too wide) in paragraph at lines 49--50
[]\T1/LinuxLibertineT-TLF/m/n/10 (-20) Identifying key chal-lenges of build-ing
 a prac-ti-cal perceived-
 []

) (./sections/motivation.tex
LaTeX Font Info:    Font shape `T1/LinuxBiolinumT-TLF/m/n' will be
(Font)              scaled to size 10.0pt on input line 13.
LaTeX Font Info:    Font shape `T1/LinuxBiolinumT-TLF/m/it' will be
(Font)              scaled to size 10.0pt on input line 13.
 [2.2 <./images/first_image-eps-converted-to.pdf>]
Overfull \hbox (5.5166pt too wide) in paragraph at lines 58--59
[]\T1/LinuxLibertineT-TLF/b/n/10 Challenge 1: Tra-di-tional Hu-man Vi-sual Sys-
tem (HVS)
 []


Overfull \hbox (6.25659pt too wide) in paragraph at lines 62--63
[]\T1/LinuxLibertineT-TLF/b/n/10 Challenge 2: Tra-di-tional grid-like video til
ing scheme
 []


Underfull \vbox (badness 5924) has occurred while \output is active []

 [3.3]
Package epstopdf Info: Source file: <images/optimalencoding.eps>
(epstopdf)                    date: 2018-09-19 04:21:32
(epstopdf)                    size: 21326 bytes
(epstopdf)             Output file: <images/optimalencoding-eps-converted-to.pd
f>
(epstopdf)                    date: 2018-09-19 04:22:08
(epstopdf)                    size: 7616 bytes
(epstopdf)             Command: <repstopdf --outfile=images/optimalencoding-eps
-converted-to.pdf images/optimalencoding.eps>
(epstopdf)             \includegraphics on input line 72.
Package epstopdf Info: Output file is already uptodate.

<images/optimalencoding-eps-converted-to.pdf, id=215, 1084.05pt x 589.20125pt>
File: images/optimalencoding-eps-converted-to.pdf Graphic file (type pdf)

<use images/optimalencoding-eps-converted-to.pdf>
Package pdftex.def Info: images/optimalencoding-eps-converted-to.pdf used on in
put line 72.
(pdftex.def)             Requested size: 180.67499pt x 98.19397pt.
Package epstopdf Info: Source file: <images/bitrateefficiency.eps>
(epstopdf)                    date: 2018-09-18 07:55:36
(epstopdf)                    size: 15751 bytes
(epstopdf)             Output file: <images/bitrateefficiency-eps-converted-to.
pdf>
(epstopdf)                    date: 2018-09-18 08:23:11
(epstopdf)                    size: 7183 bytes
(epstopdf)             Command: <repstopdf --outfile=images/bitrateefficiency-e
ps-converted-to.pdf images/bitrateefficiency.eps>
(epstopdf)             \includegraphics on input line 81.
Package epstopdf Info: Output file is already uptodate.

<images/bitrateefficiency-eps-converted-to.pdf, id=217, 562.1pt x 421.575pt>
File: images/bitrateefficiency-eps-converted-to.pdf Graphic file (type pdf)

<use images/bitrateefficiency-eps-converted-to.pdf>
Package pdftex.def Info: images/bitrateefficiency-eps-converted-to.pdf used on 
input line 81.
(pdftex.def)             Requested size: 180.67499pt x 135.50499pt.

Underfull \vbox (badness 4001) has occurred while \output is active []

Package epstopdf Info: Source file: <images/improvement.eps>
(epstopdf)                    date: 2018-11-29 04:42:27
(epstopdf)                    size: 16759 bytes
(epstopdf)             Output file: <images/improvement-eps-converted-to.pdf>
(epstopdf)                    date: 2018-11-29 04:45:37
(epstopdf)                    size: 7626 bytes
(epstopdf)             Command: <repstopdf --outfile=images/improvement-eps-con
verted-to.pdf images/improvement.eps>
(epstopdf)             \includegraphics on input line 108.
Package epstopdf Info: Output file is already uptodate.

<images/improvement-eps-converted-to.pdf, id=219, 562.1pt x 421.575pt>
File: images/improvement-eps-converted-to.pdf Graphic file (type pdf)

<use images/improvement-eps-converted-to.pdf>
Package pdftex.def Info: images/improvement-eps-converted-to.pdf used on input 
line 108.
(pdftex.def)             Requested size: 180.67499pt x 135.50499pt.
 [4.4 <./images/optimalencoding-eps-converted-to.pdf> <./images/bitrateefficien
cy-eps-converted-to.pdf>])
(./sections/insights.tex
<images/insight_tiling1.pdf, id=242, 252.945pt x 121.45375pt>
File: images/insight_tiling1.pdf Graphic file (type pdf)

<use images/insight_tiling1.pdf>
Package pdftex.def Info: images/insight_tiling1.pdf used on input line 25.
(pdftex.def)             Requested size: 121.51358pt x 58.34715pt.

<images/insight_tiling2.pdf, id=243, 252.945pt x 121.45375pt>
File: images/insight_tiling2.pdf Graphic file (type pdf)

<use images/insight_tiling2.pdf>
Package pdftex.def Info: images/insight_tiling2.pdf used on input line 30.
(pdftex.def)             Requested size: 121.51358pt x 58.34715pt.

<images/insight_tiling3.pdf, id=244, 252.945pt x 121.45375pt>
File: images/insight_tiling3.pdf Graphic file (type pdf)

<use images/insight_tiling3.pdf>
Package pdftex.def Info: images/insight_tiling3.pdf used on input line 35.
(pdftex.def)             Requested size: 121.51358pt x 58.34715pt.

<images/insight_tiling4.pdf, id=245, 252.945pt x 121.45375pt>
File: images/insight_tiling4.pdf Graphic file (type pdf)

<use images/insight_tiling4.pdf>
Package pdftex.def Info: images/insight_tiling4.pdf used on input line 40.
(pdftex.def)             Requested size: 121.51358pt x 58.34715pt.

Underfull \vbox (badness 10000) has occurred while \output is active []

 [5.5 <./images/improvement-eps-converted-to.pdf>]) (./sections/jNDmodel.tex
Underfull \vbox (badness 4378) has occurred while \output is active []


<images/backgroundluminance.jpg, id=267, 1280.785pt x 798.985pt>
File: images/backgroundluminance.jpg Graphic file (type jpg)

<use images/backgroundluminance.jpg>
Package pdftex.def Info: images/backgroundluminance.jpg used on input line 39.
(pdftex.def)             Requested size: 180.67499pt x 112.69835pt.
 [6.6 <./images/insight_tiling1.pdf> <./images/insight_tiling2.pdf> <./images/i
nsight_tiling3.pdf> <./images/insight_tiling4.pdf>] <images/JNDlum-dist.jpg, id
=336, 1268.74pt x 847.165pt>
File: images/JNDlum-dist.jpg Graphic file (type jpg)

<use images/JNDlum-dist.jpg>
Package pdftex.def Info: images/JNDlum-dist.jpg used on input line 48.
(pdftex.def)             Requested size: 180.67499pt x 120.63177pt.
 [7.7 <./images/backgroundluminance.jpg> <./images/JNDlum-dist.jpg>]
Package epstopdf Info: Source file: <images/speed_CDF.eps>
(epstopdf)                    date: 2018-12-25 03:21:32
(epstopdf)                    size: 39040 bytes
(epstopdf)             Output file: <images/speed_CDF-eps-converted-to.pdf>
(epstopdf)                    date: 2018-12-25 03:28:56
(epstopdf)                    size: 14292 bytes
(epstopdf)             Command: <repstopdf --outfile=images/speed_CDF-eps-conve
rted-to.pdf images/speed_CDF.eps>
(epstopdf)             \includegraphics on input line 98.
Package epstopdf Info: Output file is already uptodate.

<images/speed_CDF-eps-converted-to.pdf, id=350, 562.1pt x 421.575pt>
File: images/speed_CDF-eps-converted-to.pdf Graphic file (type pdf)

<use images/speed_CDF-eps-converted-to.pdf>
Package pdftex.def Info: images/speed_CDF-eps-converted-to.pdf used on input li
ne 98.
(pdftex.def)             Requested size: 180.67499pt x 135.50499pt.

Overfull \hbox (39.5139pt too wide) in paragraph at lines 103--104
[]\T1/LinuxLibertineT-TLF/m/n/10 (-20) We first an-a-lyze track-ing con-di-tion
. Fig. []9[] shows $\OML/nxlmi/m/it/10 JND[]\U/ntxmia/m/it/10 {\OML/nxlmi/m/it/
10 l; v\U/ntxmia/m/it/10 |$\T1/LinuxLibertineT-TLF/m/n/10 (-20) ,
 []


Overfull \hbox (4.86902pt too wide) in paragraph at lines 103--104
\T1/LinuxLibertineT-TLF/m/n/10 (-20) lu-mi-nance $\OML/nxlmi/m/it/10 l$ \T1/Lin
uxLibertineT-TLF/m/n/10 (-20) to JND. We no-tice that ef-fect of $\OML/nxlmi/m/
it/10 v$ \T1/LinuxLibertineT-TLF/m/n/10 (-20) to $\OML/nxlmi/m/it/10 JND[]$
 []

Package epstopdf Info: Source file: <images/JNDspeed-lum.eps>
(epstopdf)                    date: 2018-09-19 04:21:38
(epstopdf)                    size: 99264 bytes
(epstopdf)             Output file: <images/JNDspeed-lum-eps-converted-to.pdf>
(epstopdf)                    date: 2018-09-19 04:24:17
(epstopdf)                    size: 68502 bytes
(epstopdf)             Command: <repstopdf --outfile=images/JNDspeed-lum-eps-co
nverted-to.pdf images/JNDspeed-lum.eps>
(epstopdf)             \includegraphics on input line 107.
Package epstopdf Info: Output file is already uptodate.
<images/JNDspeed-lum-eps-converted-to.pdf, id=352, 1084.05pt x 589.20125pt>
File: images/JNDspeed-lum-eps-converted-to.pdf Graphic file (type pdf)

<use images/JNDspeed-lum-eps-converted-to.pdf>
Package pdftex.def Info: images/JNDspeed-lum-eps-converted-to.pdf used on input
 line 107.
(pdftex.def)             Requested size: 180.67499pt x 98.19397pt.
Package epstopdf Info: Source file: <images/JNDspeed.eps>
(epstopdf)                    date: 2018-09-19 04:20:42
(epstopdf)                    size: 18038 bytes
(epstopdf)             Output file: <images/JNDspeed-eps-converted-to.pdf>
(epstopdf)                    date: 2018-09-19 04:24:17
(epstopdf)                    size: 6974 bytes
(epstopdf)             Command: <repstopdf --outfile=images/JNDspeed-eps-conver
ted-to.pdf images/JNDspeed.eps>
(epstopdf)             \includegraphics on input line 122.
Package epstopdf Info: Output file is already uptodate.

<images/JNDspeed-eps-converted-to.pdf, id=355, 1084.05pt x 589.20125pt>
File: images/JNDspeed-eps-converted-to.pdf Graphic file (type pdf)

<use images/JNDspeed-eps-converted-to.pdf>
Package pdftex.def Info: images/JNDspeed-eps-converted-to.pdf used on input lin
e 122.
(pdftex.def)             Requested size: 180.67499pt x 98.19397pt.
Package epstopdf Info: Source file: <images/JNDspeed.eps>
(epstopdf)                    date: 2018-09-19 04:20:42
(epstopdf)                    size: 18038 bytes
(epstopdf)             Output file: <images/JNDspeed-eps-converted-to.pdf>
(epstopdf)                    date: 2018-09-19 04:24:17
(epstopdf)                    size: 6974 bytes
(epstopdf)             Command: <repstopdf --outfile=images/JNDspeed-eps-conver
ted-to.pdf images/JNDspeed.eps>
(epstopdf)             \includegraphics on input line 131.
Package epstopdf Info: Output file is already uptodate.
File: images/JNDspeed-eps-converted-to.pdf Graphic file (type pdf)

<use images/JNDspeed-eps-converted-to.pdf>
Package pdftex.def Info: images/JNDspeed-eps-converted-to.pdf used on input lin
e 131.
(pdftex.def)             Requested size: 180.67499pt x 98.19397pt.
 [8.8 <./images/speed_CDF-eps-converted-to.pdf> <./images/JNDspeed-lum-eps-conv
erted-to.pdf> <./images/JNDspeed-eps-converted-to.pdf>]
Package epstopdf Info: Source file: <images/speed_analysis.eps>
(epstopdf)                    date: 2019-01-08 09:52:09
(epstopdf)                    size: 21191 bytes
(epstopdf)             Output file: <images/speed_analysis-eps-converted-to.pdf
>
(epstopdf)                    date: 2019-01-08 09:54:59
(epstopdf)                    size: 8736 bytes
(epstopdf)             Command: <repstopdf --outfile=images/speed_analysis-eps-
converted-to.pdf images/speed_analysis.eps>
(epstopdf)             \includegraphics on input line 140.
Package epstopdf Info: Output file is already uptodate.

<images/speed_analysis-eps-converted-to.pdf, id=412, 562.1pt x 421.575pt>
File: images/speed_analysis-eps-converted-to.pdf Graphic file (type pdf)

<use images/speed_analysis-eps-converted-to.pdf>
Package pdftex.def Info: images/speed_analysis-eps-converted-to.pdf used on inp
ut line 140.
(pdftex.def)             Requested size: 180.67332pt x 72.26503pt.

<images/ver-acc.jpg, id=414, 1160.335pt x 843.15pt>
File: images/ver-acc.jpg Graphic file (type jpg)
 <use images/ver-acc.jpg>
Package pdftex.def Info: images/ver-acc.jpg used on input line 151.
(pdftex.def)             Requested size: 180.67499pt x 131.2787pt.
Package epstopdf Info: Source file: <images/JNDfDoF-oDoF.eps>
(epstopdf)                    date: 2019-01-08 16:04:28
(epstopdf)                    size: 20428 bytes
(epstopdf)             Output file: <images/JNDfDoF-oDoF-eps-converted-to.pdf>
(epstopdf)                    date: 2019-01-08 16:24:50
(epstopdf)                    size: 7161 bytes
(epstopdf)             Command: <repstopdf --outfile=images/JNDfDoF-oDoF-eps-co
nverted-to.pdf images/JNDfDoF-oDoF.eps>
(epstopdf)             \includegraphics on input line 162.
Package epstopdf Info: Output file is already uptodate.

<images/JNDfDoF-oDoF-eps-converted-to.pdf, id=416, 562.1pt x 421.575pt>
File: images/JNDfDoF-oDoF-eps-converted-to.pdf Graphic file (type pdf)

<use images/JNDfDoF-oDoF-eps-converted-to.pdf>
Package pdftex.def Info: images/JNDfDoF-oDoF-eps-converted-to.pdf used on input
 line 162.
(pdftex.def)             Requested size: 180.67499pt x 135.50499pt.
Package epstopdf Info: Source file: <images/JNDdof-lum.eps>
(epstopdf)                    date: 2019-01-08 16:04:27
(epstopdf)                    size: 19062 bytes
(epstopdf)             Output file: <images/JNDdof-lum-eps-converted-to.pdf>
(epstopdf)                    date: 2019-01-08 16:24:50
(epstopdf)                    size: 6691 bytes
(epstopdf)             Command: <repstopdf --outfile=images/JNDdof-lum-eps-conv
erted-to.pdf images/JNDdof-lum.eps>
(epstopdf)             \includegraphics on input line 171.
Package epstopdf Info: Output file is already uptodate.

<images/JNDdof-lum-eps-converted-to.pdf, id=418, 562.1pt x 421.575pt>
File: images/JNDdof-lum-eps-converted-to.pdf Graphic file (type pdf)

<use images/JNDdof-lum-eps-converted-to.pdf>
Package pdftex.def Info: images/JNDdof-lum-eps-converted-to.pdf used on input l
ine 171.
(pdftex.def)             Requested size: 180.67499pt x 135.50499pt.
 [9.9 <./images/speed_analysis-eps-converted-to.pdf> <./images/ver-acc.jpg> <./
images/JNDfDoF-oDoF-eps-converted-to.pdf>]
Package epstopdf Info: Source file: <images/JNDdof.eps>
(epstopdf)                    date: 2019-01-08 16:23:17
(epstopdf)                    size: 20736 bytes
(epstopdf)             Output file: <images/JNDdof-eps-converted-to.pdf>
(epstopdf)                    date: 2019-01-08 16:24:51
(epstopdf)                    size: 7436 bytes
(epstopdf)             Command: <repstopdf --outfile=images/JNDdof-eps-converte
d-to.pdf images/JNDdof.eps>
(epstopdf)             \includegraphics on input line 186.
Package epstopdf Info: Output file is already uptodate.
 <images/JNDdof-eps-converted-to.pdf, id=441, 562.1pt x 421.575pt>
File: images/JNDdof-eps-converted-to.pdf Graphic file (type pdf)

<use images/JNDdof-eps-converted-to.pdf>
Package pdftex.def Info: images/JNDdof-eps-converted-to.pdf used on input line 
186.
(pdftex.def)             Requested size: 180.67499pt x 135.50499pt.
Package epstopdf Info: Source file: <images/depth_analysis.eps>
(epstopdf)                    date: 2019-01-08 14:00:33
(epstopdf)                    size: 21035 bytes
(epstopdf)             Output file: <images/depth_analysis-eps-converted-to.pdf
>
(epstopdf)                    date: 2019-01-08 14:06:01
(epstopdf)                    size: 6697 bytes
(epstopdf)             Command: <repstopdf --outfile=images/depth_analysis-eps-
converted-to.pdf images/depth_analysis.eps>
(epstopdf)             \includegraphics on input line 195.
Package epstopdf Info: Output file is already uptodate.

<images/depth_analysis-eps-converted-to.pdf, id=443, 562.1pt x 421.575pt>
File: images/depth_analysis-eps-converted-to.pdf Graphic file (type pdf)

<use images/depth_analysis-eps-converted-to.pdf>
Package pdftex.def Info: images/depth_analysis-eps-converted-to.pdf used on inp
ut line 195.
(pdftex.def)             Requested size: 180.67499pt x 135.50499pt.
Package epstopdf Info: Source file: <images/JNDadapt-lum.eps>
(epstopdf)                    date: 2019-01-08 16:04:28
(epstopdf)                    size: 18762 bytes
(epstopdf)             Output file: <images/JNDadapt-lum-eps-converted-to.pdf>
(epstopdf)                    date: 2019-01-08 16:24:51
(epstopdf)                    size: 6684 bytes
(epstopdf)             Command: <repstopdf --outfile=images/JNDadapt-lum-eps-co
nverted-to.pdf images/JNDadapt-lum.eps>
(epstopdf)             \includegraphics on input line 212.
Package epstopdf Info: Output file is already uptodate.

<images/JNDadapt-lum-eps-converted-to.pdf, id=447, 562.1pt x 421.575pt>
File: images/JNDadapt-lum-eps-converted-to.pdf Graphic file (type pdf)

<use images/JNDadapt-lum-eps-converted-to.pdf>
Package pdftex.def Info: images/JNDadapt-lum-eps-converted-to.pdf used on input
 line 212.
(pdftex.def)             Requested size: 180.67499pt x 135.50499pt.
 [10.10 <./images/JNDdof-lum-eps-converted-to.pdf> <./images/JNDdof-eps-convert
ed-to.pdf> <./images/depth_analysis-eps-converted-to.pdf> <./images/JNDadapt-lu
m-eps-converted-to.pdf>]
Package epstopdf Info: Source file: <images/JNDadapt.eps>
(epstopdf)                    date: 2019-01-08 16:04:29
(epstopdf)                    size: 14521 bytes
(epstopdf)             Output file: <images/JNDadapt-eps-converted-to.pdf>
(epstopdf)                    date: 2019-01-08 16:24:52
(epstopdf)                    size: 5784 bytes
(epstopdf)             Command: <repstopdf --outfile=images/JNDadapt-eps-conver
ted-to.pdf images/JNDadapt.eps>
(epstopdf)             \includegraphics on input line 227.
Package epstopdf Info: Output file is already uptodate.

<images/JNDadapt-eps-converted-to.pdf, id=479, 562.1pt x 421.575pt>
File: images/JNDadapt-eps-converted-to.pdf Graphic file (type pdf)

<use images/JNDadapt-eps-converted-to.pdf>
Package pdftex.def Info: images/JNDadapt-eps-converted-to.pdf used on input lin
e 227.
(pdftex.def)             Requested size: 180.67499pt x 135.50499pt.

Overfull \hbox (43.9513pt too wide) in paragraph at lines 247--247
[]$\OML/nxlmi/m/it/10 f[]\U/ntxmia/m/it/10 {\OML/nxlmi/m/it/10 v\U/ntxmia/m/it/
10 |\OML/nxlmi/m/it/10 ; f[]\U/ntxmia/m/it/10 {\OML/nxlmi/m/it/10 v\U/ntxmia/m/
it/10 |$| 
 []


Overfull \hbox (1.03328pt too wide) in paragraph at lines 249--249
[]$\OML/nxlmi/m/it/10 f[]\U/ntxmia/m/it/10 {^^A\OML/nxlmi/m/it/10 e\U/ntxmia/m/
it/10 |$| 
 []


Overfull \hbox (114.27396pt too wide) in paragraph at lines 266--266
[] 
 []

) (./sections/tiling.tex
Overfull \hbox (5.2051pt too wide) in paragraph at lines 15--16
\T1/LinuxLibertineT-TLF/m/n/10 (-20) value of this tile's high-est / low-est bi
-trate ver-sion, and $\OML/nxlmi/m/it/10 B[]$
 []

[11.11 <./images/JNDadapt-eps-converted-to.pdf>]
Overfull \hbox (2.16064pt too wide) in paragraph at lines 33--34
[]\T1/LinuxLibertineT-TLF/b/n/10 Step 1: Par-ti-tion-ing the orig-i-nal video i
nto 12*24 rect-
 []

LaTeX Font Info:    Font shape `T1/LinuxLibertineT-TLF/m/n' will be
(Font)              scaled to size 7.3pt on input line 60.
LaTeX Font Info:    Font shape `T1/LinuxLibertineT-TLF/m/n' will be
(Font)              scaled to size 5.5pt on input line 60.

Underfull \vbox (badness 5189) has occurred while \output is active []

Package epstopdf Info: Source file: <images/tiling.eps>
(epstopdf)                    date: 2018-09-11 08:50:40
(epstopdf)                    size: 17238 bytes
(epstopdf)             Output file: <images/tiling-eps-converted-to.pdf>
(epstopdf)                    date: 2018-09-11 10:52:31
(epstopdf)                    size: 7518 bytes
(epstopdf)             Command: <repstopdf --outfile=images/tiling-eps-converte
d-to.pdf images/tiling.eps>
(epstopdf)             \includegraphics on input line 73.
Package epstopdf Info: Output file is already uptodate.

<images/tiling-eps-converted-to.pdf, id=510, 562.1pt x 421.575pt>
File: images/tiling-eps-converted-to.pdf Graphic file (type pdf)

<use images/tiling-eps-converted-to.pdf>
Package pdftex.def Info: images/tiling-eps-converted-to.pdf used on input line 
73.
(pdftex.def)             Requested size: 180.67499pt x 135.50499pt.
) (./sections/adaptation.tex [12.12 <./images/tiling-eps-converted-to.pdf>]
Overfull \hbox (19.71695pt too wide) detected at line 15
[][] []
 []


Overfull \hbox (8.3322pt too wide) in paragraph at lines 17--18
[]\T1/LinuxLibertineT-TLF/m/n/10 (-20) CJND is only re-lated to video con-tent.
 It can be pre-computed
 []


Overfull \hbox (49.20218pt too wide) in paragraph at lines 33--33
[] 
 []


Overfull \hbox (76.92093pt too wide) in paragraph at lines 45--45
[] 
 []


LaTeX Warning: Reference `apprx' on page 13 undefined on input line 47.


Overfull \hbox (27.10365pt too wide) in paragraph at lines 49--50
\T1/LinuxLibertineT-TLF/m/n/10 (-20) PSPNR ap-prox-i-ma-tion ac-cu-racy, when t
he ac-tual $\OML/nxlmi/m/it/10 BJND\U/ntxmia/m/it/10 {\OML/nxlmi/m/it/10 x[]; y
[]\U/ntxmia/m/it/10 |$
 []

Package epstopdf Info: Source file: <images/PSPNR_computation.eps>
(epstopdf)                    date: 2018-12-24 06:32:21
(epstopdf)                    size: 55345 bytes
(epstopdf)             Output file: <images/PSPNR_computation-eps-converted-to.
pdf>
(epstopdf)                    date: 2018-12-25 00:35:54
(epstopdf)                    size: 21659 bytes
(epstopdf)             Command: <repstopdf --outfile=images/PSPNR_computation-e
ps-converted-to.pdf images/PSPNR_computation.eps>
(epstopdf)             \includegraphics on input line 53.
Package epstopdf Info: Output file is already uptodate.
<images/PSPNR_computation-eps-converted-to.pdf, id=531, 562.1pt x 421.575pt>
File: images/PSPNR_computation-eps-converted-to.pdf Graphic file (type pdf)

<use images/PSPNR_computation-eps-converted-to.pdf>
Package pdftex.def Info: images/PSPNR_computation-eps-converted-to.pdf used on 
input line 53.
(pdftex.def)             Requested size: 180.67499pt x 135.50499pt.
 [13.13 <./images/PSPNR_computation-eps-converted-to.pdf>]
Package hyperref Info: bookmark level for unknown algorithm defaults to 0 on in
put line 102.
) (./sections/implementation.tex
Underfull \vbox (badness 1442) has occurred while \output is active []


<images/implementation.pdf, id=554, 1126.2075pt x 675.52374pt>
File: images/implementation.pdf Graphic file (type pdf)

<use images/implementation.pdf>
Package pdftex.def Info: images/implementation.pdf used on input line 7.
(pdftex.def)             Requested size: 252.94499pt x 151.71828pt.

Overfull \hbox (11.7975pt too wide) in paragraph at lines 7--8
 [][] 
 []

[14.14 <./images/implementation.pdf>]
Underfull \vbox (badness 6396) has occurred while \output is active []

)
(./sections/evaluation.tex
Overfull \hbox (4.60867pt too wide) in paragraph at lines 9--10
\T1/LinuxLibertineT-TLF/m/n/10 (-20) proves 10 higher PSPNR and de-creases up t
o 50% stalling. 
 []


Underfull \hbox (badness 10000) in paragraph at lines 22--23

 []

[15.15]
Underfull \hbox (badness 10000) in paragraph at lines 31--32

 []

<images/network.jpg, id=625, 1284.8pt x 461.725pt>
File: images/network.jpg Graphic file (type jpg)
 <use images/network.jpg>
Package pdftex.def Info: images/network.jpg used on input line 41.
(pdftex.def)             Requested size: 216.81pt x 77.91449pt.

Underfull \hbox (badness 10000) in paragraph at lines 47--48

 []


Overfull \hbox (8.19289pt too wide) in paragraph at lines 51--52
[]\T1/LinuxLibertineT-TLF/m/it/10 (-20) Flare [[]]: \T1/LinuxLibertineT-TLF/m/n
/10 (-20) A state-of-the-art viewpoint-driven VR stream-
 []


Overfull \hbox (9.76657pt too wide) in paragraph at lines 71--72
 \T1/LinuxBiolinumT-TLF/m/it/10 (-20) 8.2.1 Per-for-mance com-par-i-son un-der 
fixed band-width.[] \T1/LinuxLibertineT-TLF/m/n/10 (-20) When
 []


Overfull \hbox (5.89296pt too wide) in paragraph at lines 71--72
\T1/LinuxLibertineT-TLF/m/n/10 (-20) width. Fig. []24[] shows the re-sult. Com-
pared with Flare, PQVRS++
 []

Package epstopdf Info: Source file: <images/practical_improvement.eps>
(epstopdf)                    date: 2019-01-12 16:44:03
(epstopdf)                    size: 44031 bytes
(epstopdf)             Output file: <images/practical_improvement-eps-converted
-to.pdf>
(epstopdf)                    date: 2019-01-12 17:00:57
(epstopdf)                    size: 9875 bytes
(epstopdf)             Command: <repstopdf --outfile=images/practical_improveme
nt-eps-converted-to.pdf images/practical_improvement.eps>
(epstopdf)             \includegraphics on input line 75.
Package epstopdf Info: Output file is already uptodate.

<images/practical_improvement-eps-converted-to.pdf, id=628, 562.1pt x 421.575pt
>
File: images/practical_improvement-eps-converted-to.pdf Graphic file (type pdf)

 <use images/practical_improvement-eps-converted-to.pdf>
Package pdftex.def Info: images/practical_improvement-eps-converted-to.pdf used
 on input line 75.
(pdftex.def)             Requested size: 216.81pt x 162.60599pt.

Overfull \hbox (1.58495pt too wide) in paragraph at lines 82--83
 \T1/LinuxBiolinumT-TLF/m/it/10 (-20) 8.2.2 Per-for-mance com-par-i-son un-der 
real-world band-width.[]
 []


Underfull \vbox (badness 1038) has occurred while \output is active []

 [16.16 <./images/network.jpg> <./images/practical_improvement-eps-converted-to
.pdf>]
Package epstopdf Info: Source file: <images/throughput-PSPNR.eps>
(epstopdf)                    date: 2019-01-13 15:37:47
(epstopdf)                    size: 23942 bytes
(epstopdf)             Output file: <images/throughput-PSPNR-eps-converted-to.p
df>
(epstopdf)                    date: 2019-01-13 15:39:13
(epstopdf)                    size: 7827 bytes
(epstopdf)             Command: <repstopdf --outfile=images/throughput-PSPNR-ep
s-converted-to.pdf images/throughput-PSPNR.eps>
(epstopdf)             \includegraphics on input line 88.
Package epstopdf Info: Output file is already uptodate.

<images/throughput-PSPNR-eps-converted-to.pdf, id=646, 562.1pt x 421.575pt>
File: images/throughput-PSPNR-eps-converted-to.pdf Graphic file (type pdf)

<use images/throughput-PSPNR-eps-converted-to.pdf>
Package pdftex.def Info: images/throughput-PSPNR-eps-converted-to.pdf used on i
nput line 88.
(pdftex.def)             Requested size: 216.81pt x 162.60599pt.
Package epstopdf Info: Source file: <images/throughput-stalltime.eps>
(epstopdf)                    date: 2019-01-13 15:37:48
(epstopdf)                    size: 23252 bytes
(epstopdf)             Output file: <images/throughput-stalltime-eps-converted-
to.pdf>
(epstopdf)                    date: 2019-01-13 15:39:13
(epstopdf)                    size: 7776 bytes
(epstopdf)             Command: <repstopdf --outfile=images/throughput-stalltim
e-eps-converted-to.pdf images/throughput-stalltime.eps>
(epstopdf)             \includegraphics on input line 95.
Package epstopdf Info: Output file is already uptodate.

<images/throughput-stalltime-eps-converted-to.pdf, id=647, 562.1pt x 421.575pt>
File: images/throughput-stalltime-eps-converted-to.pdf Graphic file (type pdf)
<use images/throughput-stalltime-eps-converted-to.pdf>
Package pdftex.def Info: images/throughput-stalltime-eps-converted-to.pdf used 
on input line 95.
(pdftex.def)             Requested size: 216.81pt x 162.60599pt.
Package epstopdf Info: Source file: <images/random_improvement.eps>
(epstopdf)                    date: 2019-01-11 15:42:39
(epstopdf)                    size: 23195 bytes
(epstopdf)             Output file: <images/random_improvement-eps-converted-to
.pdf>
(epstopdf)                    date: 2019-01-11 17:22:36
(epstopdf)                    size: 7687 bytes
(epstopdf)             Command: <repstopdf --outfile=images/random_improvement-
eps-converted-to.pdf images/random_improvement.eps>
(epstopdf)             \includegraphics on input line 110.
Package epstopdf Info: Output file is already uptodate.

<images/random_improvement-eps-converted-to.pdf, id=651, 562.1pt x 421.575pt>
File: images/random_improvement-eps-converted-to.pdf Graphic file (type pdf)

<use images/random_improvement-eps-converted-to.pdf>
Package pdftex.def Info: images/random_improvement-eps-converted-to.pdf used on
 input line 110.
(pdftex.def)             Requested size: 216.81pt x 162.60599pt.
 [17.17 <./images/throughput-PSPNR-eps-converted-to.pdf> <./images/throughput-s
talltime-eps-converted-to.pdf> <./images/random_improvement-eps-converted-to.pd
f>]
<images/rating.jpg, id=678, 1324.95pt x 224.84pt>
File: images/rating.jpg Graphic file (type jpg)
 <use images/rating.jpg>
Package pdftex.def Info: images/rating.jpg used on input line 123.
(pdftex.def)             Requested size: 216.81pt x 36.79166pt.
Package epstopdf Info: Source file: <images/pspnr_mos.eps>
(epstopdf)                    date: 2019-01-16 11:30:37
(epstopdf)                    size: 15085 bytes
(epstopdf)             Output file: <images/pspnr_mos-eps-converted-to.pdf>
(epstopdf)                    date: 2019-01-16 15:47:49
(epstopdf)                    size: 7444 bytes
(epstopdf)             Command: <repstopdf --outfile=images/pspnr_mos-eps-conve
rted-to.pdf images/pspnr_mos.eps>
(epstopdf)             \includegraphics on input line 130.
Package epstopdf Info: Output file is already uptodate.

<images/pspnr_mos-eps-converted-to.pdf, id=679, 562.1pt x 421.575pt>
File: images/pspnr_mos-eps-converted-to.pdf Graphic file (type pdf)

<use images/pspnr_mos-eps-converted-to.pdf>
Package pdftex.def Info: images/pspnr_mos-eps-converted-to.pdf used on input li
ne 130.
(pdftex.def)             Requested size: 216.81pt x 162.60599pt.

<images/rating_result.png, id=681, 462.528pt x 346.896pt>
File: images/rating_result.png Graphic file (type png)

<use images/rating_result.png>
Package pdftex.def Info: images/rating_result.png used on input line 139.
(pdftex.def)             Requested size: 216.81pt x 162.60709pt.
Package epstopdf Info: Source file: <images/CPUworkload.eps>
(epstopdf)                    date: 2019-01-18 20:33:20
(epstopdf)                    size: 15234 bytes
(epstopdf)             Output file: <images/CPUworkload-eps-converted-to.pdf>
(epstopdf)                    date: 2019-01-11 19:41:01
(epstopdf)                    size: 6795 bytes
(epstopdf)             Command: <repstopdf --outfile=images/CPUworkload-eps-con
verted-to.pdf images/CPUworkload.eps>
(epstopdf)             \includegraphics on input line 152.
runsystem(repstopdf --outfile=images/CPUworkload-eps-converted-to.pdf images/CP
Uworkload.eps)...executed safely (allowed).

Package epstopdf Info: Result file: <images/CPUworkload-eps-converted-to.pdf>
(epstopdf)                    date: 2019-01-18 20:34:07
(epstopdf)                    size: 7154 bytes.

<images/CPUworkload-eps-converted-to.pdf, id=684, 562.1pt x 421.575pt>
File: images/CPUworkload-eps-converted-to.pdf Graphic file (type pdf)

<use images/CPUworkload-eps-converted-to.pdf>
Package pdftex.def Info: images/CPUworkload-eps-converted-to.pdf used on input 
line 152.
(pdftex.def)             Requested size: 216.81pt x 162.60599pt.
 [18.18 <./images/rating.jpg> <./images/pspnr_mos-eps-converted-to.pdf> <./imag
es/rating_result.png> <./images/CPUworkload-eps-converted-to.pdf>]
Package epstopdf Info: Source file: <images/Processtime.eps>
(epstopdf)                    date: 2019-01-18 20:33:21
(epstopdf)                    size: 14576 bytes
(epstopdf)             Output file: <images/Processtime-eps-converted-to.pdf>
(epstopdf)                    date: 2019-01-11 19:40:08
(epstopdf)                    size: 6686 bytes
(epstopdf)             Command: <repstopdf --outfile=images/Processtime-eps-con
verted-to.pdf images/Processtime.eps>
(epstopdf)             \includegraphics on input line 161.
runsystem(repstopdf --outfile=images/Processtime-eps-converted-to.pdf images/Pr
ocesstime.eps)...executed safely (allowed).

Package epstopdf Info: Result file: <images/Processtime-eps-converted-to.pdf>
(epstopdf)                    date: 2019-01-18 20:34:08
(epstopdf)                    size: 7023 bytes.

<images/Processtime-eps-converted-to.pdf, id=706, 562.1pt x 421.575pt>
File: images/Processtime-eps-converted-to.pdf Graphic file (type pdf)

<use images/Processtime-eps-converted-to.pdf>
Package pdftex.def Info: images/Processtime-eps-converted-to.pdf used on input 
line 161.
(pdftex.def)             Requested size: 216.81pt x 162.60599pt.
) (./sections/Relatedworks.tex)
(./sections/conclusion.tex) (./paper.bbl
LaTeX Font Info:    Font shape `T1/LinuxLibertineT-TLF/m/it' will be
(Font)              scaled to size 8.0pt on input line 55.

Underfull \hbox (badness 3019) in paragraph at lines 140--148
[]\T1/LinuxLibertineT-TLF/m/n/8 (+20) Vamsidhar Reddy Gad-dam, Michael Riegler,
 Ragn-hild Eg, Pal
 []


Underfull \vbox (badness 3271) has occurred while \output is active []

 [19.19 <./images/Processtime-eps-converted-to.pdf>]
Underfull \vbox (badness 10000) has occurred while \output is active []

)
- LAST -
Extra skip:21.888pt
Left:350.0pt/1.888pt
Right:328.112pt/1.888pt
Output:350.056pt
 [20.20]
Package atveryend Info: Empty hook `BeforeClearDocument' on input line 89.
Package atveryend Info: Empty hook `AfterLastShipout' on input line 89.

(./paper.aux)
Package atveryend Info: Executing hook `AtVeryEndDocument' on input line 89.
Package atveryend Info: Executing hook `AtEndAfterFileList' on input line 89.
Package rerunfilecheck Info: File `paper.out' has not changed.
(rerunfilecheck)             Checksum: 344502EC4590B326BBF0AF4EEDEE6979;7471.


LaTeX Warning: There were undefined references.

 ) 
Here is how much of TeX's memory you used:
 19785 strings out of 493014
 302861 string characters out of 6133351
 442405 words of memory out of 5000000
 22190 multiletter control sequences out of 15000+600000
 167046 words of font info for 371 fonts, out of 8000000 for 9000
 1302 hyphenation exceptions out of 8191
 60i,16n,94p,999b,588s stack positions out of 5000i,500n,10000p,200000b,80000s
{/usr/local/texlive/2016/texmf-dist/fonts/enc/dvips/newtx/libertinealt.enc}{/
usr/local/texlive/2016/texmf-dist/fonts/enc/dvips/base/8r.enc}{/usr/local/texli
ve/2016/texmf-dist/fonts/enc/dvips/libertine/lbtn_c7kyj5.enc}{/usr/local/texliv
e/2016/texmf-dist/fonts/enc/dvips/libertine/lbtn_25tcsq.enc}{/usr/local/texlive
/2016/texmf-dist/fonts/enc/dvips/libertine/lbtn_7grukw.enc}{/usr/local/texlive/
2016/texmf-dist/fonts/enc/dvips/libertine/lbtn_nh77jq.enc}{/usr/local/texlive/2
016/texmf-dist/fonts/enc/dvips/libertine/lbtn_76gpa5.enc}</usr/local/texlive/20
16/texmf-dist/fonts/type1/public/libertine/LinBiolinumT.pfb></usr/local/texlive
/2016/texmf-dist/fonts/type1/public/libertine/LinBiolinumTB.pfb></usr/local/tex
live/2016/texmf-dist/fonts/type1/public/libertine/LinBiolinumTI.pfb></usr/local
/texlive/2016/texmf-dist/fonts/type1/public/libertine/LinLibertineT.pfb></usr/l
ocal/texlive/2016/texmf-dist/fonts/type1/public/libertine/LinLibertineTB.pfb></
usr/local/texlive/2016/texmf-dist/fonts/type1/public/libertine/LinLibertineTI.p
fb></usr/local/texlive/2016/texmf-dist/fonts/type1/public/newtx/fxlri-5letters.
pfb></usr/local/texlive/2016/texmf-dist/fonts/type1/public/newtx/fxlri-7letters
.pfb></usr/local/texlive/2016/texmf-dist/fonts/type1/public/txfonts/rtxmi.pfb><
/usr/local/texlive/2016/texmf-dist/fonts/type1/public/newtx/rtxmi5.pfb></usr/lo
cal/texlive/2016/texmf-dist/fonts/type1/public/newtx/rtxmi7.pfb></usr/local/tex
live/2016/texmf-dist/fonts/type1/public/txfonts/rtxr.pfb></usr/local/texlive/20
16/texmf-dist/fonts/type1/public/newtx/txex-bar.pfb></usr/local/texlive/2016/te
xmf-dist/fonts/type1/public/txfonts/txex.pfb></usr/local/texlive/2016/texmf-dis
t/fonts/type1/public/txfonts/txsy.pfb></usr/local/texlive/2016/texmf-dist/fonts
/type1/public/txfonts/txsyb.pfb></usr/local/texlive/2016/texmf-dist/fonts/type1
/public/newtx/zxlr.pfb></usr/local/texlive/2016/texmf-dist/fonts/type1/public/n
ewtx/zxlri.pfb>
Output written on paper.pdf (20 pages, 1900619 bytes).
PDF statistics:
 859 PDF objects out of 1000 (max. 8388607)
 686 compressed objects within 7 object streams
 152 named destinations out of 1000 (max. 500000)
 41419 words of extra memory for PDF output out of 42996 (max. 10000000)

