\BOOKMARK [1][-]{section.1}{Introduction}{}% 1
\BOOKMARK [1][-]{section.2}{Motivation}{}% 2
\BOOKMARK [2][-]{subsection.2.1}{Current VR streaming solutions}{section.2}% 3
\BOOKMARK [3][-]{subsubsection.2.1.1}{Monolithic streaming}{subsection.2.1}% 4
\BOOKMARK [3][-]{subsubsection.2.1.2}{Viewpoint-driven streaming}{subsection.2.1}% 5
\BOOKMARK [2][-]{subsection.2.2}{What influences user-perceived quality}{section.2}% 6
\BOOKMARK [2][-]{subsection.2.3}{Challenges}{section.2}% 7
\BOOKMARK [2][-]{subsection.2.4}{Potential improvement}{section.2}% 8
\BOOKMARK [1][-]{section.3}{Key insights and ideas}{}% 9
\BOOKMARK [2][-]{subsection.3.1}{Insights}{section.3}% 10
\BOOKMARK [2][-]{subsection.3.2}{Key ideas to solve the challenges}{section.3}% 11
\BOOKMARK [1][-]{section.4}{Perceived quality measurement}{}% 12
\BOOKMARK [2][-]{subsection.4.1}{Perceived quality measuring by Just-Noticeable Distortion \(JND\) model}{section.4}% 13
\BOOKMARK [2][-]{subsection.4.2}{Building Just-Noticeable-Distortion Model for VR display}{section.4}% 14
\BOOKMARK [2][-]{subsection.4.3}{Results}{section.4}% 15
\BOOKMARK [3][-]{subsubsection.4.3.1}{JND v.s. luminance \046 viewpoint moving speed}{subsection.4.3}% 16
\BOOKMARK [3][-]{subsubsection.4.3.2}{JND v.s. luminance \046 depth of field}{subsection.4.3}% 17
\BOOKMARK [3][-]{subsubsection.4.3.3}{JND v.s. luminance \046 light / dark adaptation}{subsection.4.3}% 18
\BOOKMARK [3][-]{subsubsection.4.3.4}{Put it together}{subsection.4.3}% 19
\BOOKMARK [1][-]{section.5}{Object-based tiling scheme}{}% 20
\BOOKMARK [2][-]{subsection.5.1}{Object Detection based on Quality-Bitrate Efficiency}{section.5}% 21
\BOOKMARK [2][-]{subsection.5.2}{Tiling video by objects}{section.5}% 22
\BOOKMARK [2][-]{subsection.5.3}{Comparison of object-based tiling and grid-like tiling}{section.5}% 23
\BOOKMARK [1][-]{section.6}{Client-side PSPNR computation and optimization}{}% 24
\BOOKMARK [2][-]{subsection.6.1}{Client-side PSPNR computation}{section.6}% 25
\BOOKMARK [2][-]{subsection.6.2}{PSPNR optimization}{section.6}% 26
\BOOKMARK [3][-]{subsubsection.6.2.1}{Level 1: Allocating bitrate of each temporal segment}{subsection.6.2}% 27
\BOOKMARK [3][-]{subsubsection.6.2.2}{Level 2: Allocating bitrate of each spatial tiles}{subsection.6.2}% 28
\BOOKMARK [1][-]{section.7}{Implementation}{}% 29
\BOOKMARK [2][-]{subsection.7.1}{Server-Side}{section.7}% 30
\BOOKMARK [2][-]{subsection.7.2}{Client-Side}{section.7}% 31
\BOOKMARK [1][-]{section.8}{Performance Evaluation}{}% 32
\BOOKMARK [2][-]{subsection.8.1}{Evaluation Setup}{section.8}% 33
\BOOKMARK [2][-]{subsection.8.2}{Performance comparison under fixed bandwidth}{section.8}% 34
\BOOKMARK [2][-]{subsection.8.3}{Performance comparison under real-world bandwidth}{section.8}% 35
\BOOKMARK [2][-]{subsection.8.4}{Real-world user rating}{section.8}% 36
\BOOKMARK [2][-]{subsection.8.5}{Analysis of PQVRS improvement}{section.8}% 37
\BOOKMARK [1][-]{section.9}{Related Works}{}% 38
\BOOKMARK [1][-]{section.10}{Conclusion}{}% 39
