This is pdfTeX, Version 3.14159265-2.6-1.40.17 (TeX Live 2016) (preloaded format=pdflatex 2016.11.8)  19 DEC 2018 23:30
entering extended mode
 restricted \write18 enabled.
 file:line:error style messages enabled.
 %&-line parsing enabled.
**nsdi.tex
(./nsdi.tex
LaTeX2e <2016/03/31>
Babel <3.9r> and hyphenation patterns for 83 language(s) loaded.
(/usr/local/texlive/2016/texmf-dist/tex/latex/base/article.cls
Document Class: article 2014/09/29 v1.4h Standard LaTeX document class
(/usr/local/texlive/2016/texmf-dist/tex/latex/base/size10.clo
File: size10.clo 2014/09/29 v1.4h Standard LaTeX file (size option)
)
\c@part=\count79
\c@section=\count80
\c@subsection=\count81
\c@subsubsection=\count82
\c@paragraph=\count83
\c@subparagraph=\count84
\c@figure=\count85
\c@table=\count86
\abovecaptionskip=\skip41
\belowcaptionskip=\skip42
\bibindent=\dimen102
)
(./usenix2019.sty
(/usr/local/texlive/2016/texmf-dist/tex/latex/psnfss/mathptmx.sty
Package: mathptmx 2005/04/12 PSNFSS-v9.2a Times w/ Math, improved (SPQR, WaS) 
LaTeX Font Info:    Redeclaring symbol font `operators' on input line 28.
LaTeX Font Info:    Overwriting symbol font `operators' in version `normal'
(Font)                  OT1/cmr/m/n --> OT1/ztmcm/m/n on input line 28.
LaTeX Font Info:    Overwriting symbol font `operators' in version `bold'
(Font)                  OT1/cmr/bx/n --> OT1/ztmcm/m/n on input line 28.
LaTeX Font Info:    Redeclaring symbol font `letters' on input line 29.
LaTeX Font Info:    Overwriting symbol font `letters' in version `normal'
(Font)                  OML/cmm/m/it --> OML/ztmcm/m/it on input line 29.
LaTeX Font Info:    Overwriting symbol font `letters' in version `bold'
(Font)                  OML/cmm/b/it --> OML/ztmcm/m/it on input line 29.
LaTeX Font Info:    Redeclaring symbol font `symbols' on input line 30.
LaTeX Font Info:    Overwriting symbol font `symbols' in version `normal'
(Font)                  OMS/cmsy/m/n --> OMS/ztmcm/m/n on input line 30.
LaTeX Font Info:    Overwriting symbol font `symbols' in version `bold'
(Font)                  OMS/cmsy/b/n --> OMS/ztmcm/m/n on input line 30.
LaTeX Font Info:    Redeclaring symbol font `largesymbols' on input line 31.
LaTeX Font Info:    Overwriting symbol font `largesymbols' in version `normal'
(Font)                  OMX/cmex/m/n --> OMX/ztmcm/m/n on input line 31.
LaTeX Font Info:    Overwriting symbol font `largesymbols' in version `bold'
(Font)                  OMX/cmex/m/n --> OMX/ztmcm/m/n on input line 31.
\symbold=\mathgroup4
\symitalic=\mathgroup5
LaTeX Font Info:    Redeclaring math alphabet \mathbf on input line 34.
LaTeX Font Info:    Overwriting math alphabet `\mathbf' in version `normal'
(Font)                  OT1/cmr/bx/n --> OT1/ptm/bx/n on input line 34.
LaTeX Font Info:    Overwriting math alphabet `\mathbf' in version `bold'
(Font)                  OT1/cmr/bx/n --> OT1/ptm/bx/n on input line 34.
LaTeX Font Info:    Redeclaring math alphabet \mathit on input line 35.
LaTeX Font Info:    Overwriting math alphabet `\mathit' in version `normal'
(Font)                  OT1/cmr/m/it --> OT1/ptm/m/it on input line 35.
LaTeX Font Info:    Overwriting math alphabet `\mathit' in version `bold'
(Font)                  OT1/cmr/bx/it --> OT1/ptm/m/it on input line 35.
LaTeX Info: Redefining \hbar on input line 50.
))
(/usr/local/texlive/2016/texmf-dist/tex/latex/graphics/epsfig.sty
Package: epsfig 1999/02/16 v1.7a (e)psfig emulation (SPQR)

(/usr/local/texlive/2016/texmf-dist/tex/latex/graphics/graphicx.sty
Package: graphicx 2014/10/28 v1.0g Enhanced LaTeX Graphics (DPC,SPQR)

(/usr/local/texlive/2016/texmf-dist/tex/latex/graphics/keyval.sty
Package: keyval 2014/10/28 v1.15 key=value parser (DPC)
\KV@toks@=\toks14
)
(/usr/local/texlive/2016/texmf-dist/tex/latex/graphics/graphics.sty
Package: graphics 2016/05/09 v1.0r Standard LaTeX Graphics (DPC,SPQR)

(/usr/local/texlive/2016/texmf-dist/tex/latex/graphics/trig.sty
Package: trig 2016/01/03 v1.10 sin cos tan (DPC)
)
(/usr/local/texlive/2016/texmf-dist/tex/latex/graphics-cfg/graphics.cfg
File: graphics.cfg 2016/01/02 v1.10 sample graphics configuration
)
Package graphics Info: Driver file: pdftex.def on input line 96.

(/usr/local/texlive/2016/texmf-dist/tex/latex/pdftex-def/pdftex.def
File: pdftex.def 2011/05/27 v0.06d Graphics/color for pdfTeX

(/usr/local/texlive/2016/texmf-dist/tex/generic/oberdiek/infwarerr.sty
Package: infwarerr 2016/05/16 v1.4 Providing info/warning/error messages (HO)
)
(/usr/local/texlive/2016/texmf-dist/tex/generic/oberdiek/ltxcmds.sty
Package: ltxcmds 2016/05/16 v1.23 LaTeX kernel commands for general use (HO)
)
\Gread@gobject=\count87
))
\Gin@req@height=\dimen103
\Gin@req@width=\dimen104
)
\epsfxsize=\dimen105
\epsfysize=\dimen106
)
(/usr/local/texlive/2016/texmf-dist/tex/latex/endnotes/endnotes.sty
\c@endnote=\count88
\endnotesep=\dimen107
\@enotes=\write3
)
(/usr/local/texlive/2016/texmf-dist/tex/latex/tools/bm.sty
Package: bm 2016/02/27 v1.2a Bold Symbol Support (DPC/FMi)
LaTeX Info: Redefining \bm on input line 208.
)
(/usr/local/texlive/2016/texmf-dist/tex/latex/url/url.sty
\Urlmuskip=\muskip10
Package: url 2013/09/16  ver 3.4  Verb mode for urls, etc.
)
(/usr/local/texlive/2016/texmf-dist/tex/latex/amsmath/amsmath.sty
Package: amsmath 2016/03/10 v2.15b AMS math features
\@mathmargin=\skip43

For additional information on amsmath, use the `?' option.
(/usr/local/texlive/2016/texmf-dist/tex/latex/amsmath/amstext.sty
Package: amstext 2000/06/29 v2.01 AMS text

(/usr/local/texlive/2016/texmf-dist/tex/latex/amsmath/amsgen.sty
File: amsgen.sty 1999/11/30 v2.0 generic functions
\@emptytoks=\toks15
\ex@=\dimen108
))
(/usr/local/texlive/2016/texmf-dist/tex/latex/amsmath/amsbsy.sty
Package: amsbsy 1999/11/29 v1.2d Bold Symbols
LaTeX Info: Redefining \boldsymbol on input line 28.
\pmbraise@=\dimen109
)
(/usr/local/texlive/2016/texmf-dist/tex/latex/amsmath/amsopn.sty
Package: amsopn 2016/03/08 v2.02 operator names
)
\inf@bad=\count89
LaTeX Info: Redefining \frac on input line 199.
\uproot@=\count90
\leftroot@=\count91
LaTeX Info: Redefining \overline on input line 297.
\classnum@=\count92
\DOTSCASE@=\count93
LaTeX Info: Redefining \ldots on input line 394.
LaTeX Info: Redefining \dots on input line 397.
LaTeX Info: Redefining \cdots on input line 518.
\Mathstrutbox@=\box26
\strutbox@=\box27
\big@size=\dimen110
LaTeX Font Info:    Redeclaring font encoding OML on input line 634.
LaTeX Font Info:    Redeclaring font encoding OMS on input line 635.
\macc@depth=\count94
\c@MaxMatrixCols=\count95
\dotsspace@=\muskip11
\c@parentequation=\count96
\dspbrk@lvl=\count97
\tag@help=\toks16
\row@=\count98
\column@=\count99
\maxfields@=\count100
\andhelp@=\toks17
\eqnshift@=\dimen111
\alignsep@=\dimen112
\tagshift@=\dimen113
\tagwidth@=\dimen114
\totwidth@=\dimen115
\lineht@=\dimen116
\@envbody=\toks18
\multlinegap=\skip44
\multlinetaggap=\skip45
\mathdisplay@stack=\toks19
LaTeX Info: Redefining \[ on input line 2739.
LaTeX Info: Redefining \] on input line 2740.
)
(/usr/local/texlive/2016/texmf-dist/tex/latex/subfig/subfig.sty
Package: subfig 2005/06/28 ver: 1.3 subfig package

(/usr/local/texlive/2016/texmf-dist/tex/latex/caption/caption.sty
Package: caption 2016/02/21 v3.3-144 Customizing captions (AR)

(/usr/local/texlive/2016/texmf-dist/tex/latex/caption/caption3.sty
Package: caption3 2016/02/04 v1.7-139 caption3 kernel (AR)
Package caption3 Info: TeX engine: e-TeX on input line 67.
\captionmargin=\dimen117
\captionmargin@=\dimen118
\captionwidth=\dimen119
\caption@tempdima=\dimen120
\caption@indent=\dimen121
\caption@parindent=\dimen122
\caption@hangindent=\dimen123
)
\c@ContinuedFloat=\count101
)
\c@KVtest=\count102
\sf@farskip=\skip46
\sf@captopadj=\dimen124
\sf@capskip=\skip47
\sf@nearskip=\skip48
\c@subfigure=\count103
\c@subfigure@save=\count104
\c@lofdepth=\count105
\c@subtable=\count106
\c@subtable@save=\count107
\c@lotdepth=\count108
\sf@top=\skip49
\sf@bottom=\skip50
)
(/usr/local/texlive/2016/texmf-dist/tex/latex/algorithms/algorithm.sty
Package: algorithm 2009/08/24 v0.1 Document Style `algorithm' - floating enviro
nment

(/usr/local/texlive/2016/texmf-dist/tex/latex/float/float.sty
Package: float 2001/11/08 v1.3d Float enhancements (AL)
\c@float@type=\count109
\float@exts=\toks20
\float@box=\box28
\@float@everytoks=\toks21
\@floatcapt=\box29
)
(/usr/local/texlive/2016/texmf-dist/tex/latex/base/ifthen.sty
Package: ifthen 2014/09/29 v1.1c Standard LaTeX ifthen package (DPC)
)
\@float@every@algorithm=\toks22
\c@algorithm=\count110
)
(/usr/local/texlive/2016/texmf-dist/tex/latex/booktabs/booktabs.sty
Package: booktabs 2016/04/27 v1.618033 publication quality tables
\heavyrulewidth=\dimen125
\lightrulewidth=\dimen126
\cmidrulewidth=\dimen127
\belowrulesep=\dimen128
\belowbottomsep=\dimen129
\aboverulesep=\dimen130
\abovetopsep=\dimen131
\cmidrulesep=\dimen132
\cmidrulekern=\dimen133
\defaultaddspace=\dimen134
\@cmidla=\count111
\@cmidlb=\count112
\@aboverulesep=\dimen135
\@belowrulesep=\dimen136
\@thisruleclass=\count113
\@lastruleclass=\count114
\@thisrulewidth=\dimen137
)
(/usr/local/texlive/2016/texmf-dist/tex/latex/multirow/multirow.sty
\bigstrutjot=\dimen138
)
(/usr/local/texlive/2016/texmf-dist/tex/latex/oberdiek/epstopdf.sty
Package: epstopdf 2016/05/15 v2.6 Conversion with epstopdf on the fly (HO)

(/usr/local/texlive/2016/texmf-dist/tex/latex/oberdiek/epstopdf-base.sty
Package: epstopdf-base 2016/05/15 v2.6 Base part for package epstopdf

(/usr/local/texlive/2016/texmf-dist/tex/latex/oberdiek/grfext.sty
Package: grfext 2016/05/16 v1.2 Manage graphics extensions (HO)

(/usr/local/texlive/2016/texmf-dist/tex/generic/oberdiek/kvdefinekeys.sty
Package: kvdefinekeys 2016/05/16 v1.4 Define keys (HO)
))
(/usr/local/texlive/2016/texmf-dist/tex/latex/oberdiek/kvoptions.sty
Package: kvoptions 2016/05/16 v3.12 Key value format for package options (HO)

(/usr/local/texlive/2016/texmf-dist/tex/generic/oberdiek/kvsetkeys.sty
Package: kvsetkeys 2016/05/16 v1.17 Key value parser (HO)

(/usr/local/texlive/2016/texmf-dist/tex/generic/oberdiek/etexcmds.sty
Package: etexcmds 2016/05/16 v1.6 Avoid name clashes with e-TeX commands (HO)

(/usr/local/texlive/2016/texmf-dist/tex/generic/oberdiek/ifluatex.sty
Package: ifluatex 2016/05/16 v1.4 Provides the ifluatex switch (HO)
Package ifluatex Info: LuaTeX not detected.
)
Package etexcmds Info: Could not find \expanded.
(etexcmds)             That can mean that you are not using pdfTeX 1.50 or
(etexcmds)             that some package has redefined \expanded.
(etexcmds)             In the latter case, load this package earlier.
)))
(/usr/local/texlive/2016/texmf-dist/tex/generic/oberdiek/pdftexcmds.sty
Package: pdftexcmds 2016/05/10 v0.21 Utility functions of pdfTeX for LuaTeX (HO
)

(/usr/local/texlive/2016/texmf-dist/tex/generic/oberdiek/ifpdf.sty
Package: ifpdf 2016/05/14 v3.1 Provides the ifpdf switch
)
Package pdftexcmds Info: LuaTeX not detected.
Package pdftexcmds Info: \pdf@primitive is available.
Package pdftexcmds Info: \pdf@ifprimitive is available.
Package pdftexcmds Info: \pdfdraftmode found.
)
Package grfext Info: Graphics extension search list:
(grfext)             [.png,.pdf,.jpg,.mps,.jpeg,.jbig2,.jb2,.PNG,.PDF,.JPG,.JPE
G,.JBIG2,.JB2,.eps]
(grfext)             \AppendGraphicsExtensions on input line 456.

(/usr/local/texlive/2016/texmf-dist/tex/latex/latexconfig/epstopdf-sys.cfg
File: epstopdf-sys.cfg 2010/07/13 v1.3 Configuration of (r)epstopdf for TeX Liv
e
)))
(/usr/local/texlive/2016/texmf-dist/tex/latex/hyperref/hyperref.sty
Package: hyperref 2016/05/05 v6.83n Hypertext links for LaTeX

(/usr/local/texlive/2016/texmf-dist/tex/generic/oberdiek/hobsub-hyperref.sty
Package: hobsub-hyperref 2016/05/16 v1.14 Bundle oberdiek, subset hyperref (HO)


(/usr/local/texlive/2016/texmf-dist/tex/generic/oberdiek/hobsub-generic.sty
Package: hobsub-generic 2016/05/16 v1.14 Bundle oberdiek, subset generic (HO)
Package: hobsub 2016/05/16 v1.14 Construct package bundles (HO)
Package hobsub Info: Skipping package `infwarerr' (already loaded).
Package hobsub Info: Skipping package `ltxcmds' (already loaded).
Package hobsub Info: Skipping package `ifluatex' (already loaded).
Package: ifvtex 2016/05/16 v1.6 Detect VTeX and its facilities (HO)
Package ifvtex Info: VTeX not detected.
Package: intcalc 2016/05/16 v1.2 Expandable calculations with integers (HO)
Package hobsub Info: Skipping package `ifpdf' (already loaded).
Package hobsub Info: Skipping package `etexcmds' (already loaded).
Package hobsub Info: Skipping package `kvsetkeys' (already loaded).
Package hobsub Info: Skipping package `kvdefinekeys' (already loaded).
Package hobsub Info: Skipping package `pdftexcmds' (already loaded).
Package: pdfescape 2016/05/16 v1.14 Implements pdfTeX's escape features (HO)
Package: bigintcalc 2016/05/16 v1.4 Expandable calculations on big integers (HO
)
Package: bitset 2016/05/16 v1.2 Handle bit-vector datatype (HO)
Package: uniquecounter 2016/05/16 v1.3 Provide unlimited unique counter (HO)
)
Package hobsub Info: Skipping package `hobsub' (already loaded).
Package: letltxmacro 2016/05/16 v1.5 Let assignment for LaTeX macros (HO)
Package: hopatch 2016/05/16 v1.3 Wrapper for package hooks (HO)
Package: xcolor-patch 2016/05/16 xcolor patch
Package: atveryend 2016/05/16 v1.9 Hooks at the very end of document (HO)
Package atveryend Info: \enddocument detected (standard20110627).
Package: atbegshi 2016/05/16 v1.17 At begin shipout hook (HO)
Package: refcount 2016/05/16 v3.5 Data extraction from label references (HO)
Package: hycolor 2016/05/16 v1.8 Color options for hyperref/bookmark (HO)
)
(/usr/local/texlive/2016/texmf-dist/tex/generic/ifxetex/ifxetex.sty
Package: ifxetex 2010/09/12 v0.6 Provides ifxetex conditional
)
(/usr/local/texlive/2016/texmf-dist/tex/latex/oberdiek/auxhook.sty
Package: auxhook 2016/05/16 v1.4 Hooks for auxiliary files (HO)
)
\@linkdim=\dimen139
\Hy@linkcounter=\count115
\Hy@pagecounter=\count116

(/usr/local/texlive/2016/texmf-dist/tex/latex/hyperref/pd1enc.def
File: pd1enc.def 2016/05/05 v6.83n Hyperref: PDFDocEncoding definition (HO)
)
\Hy@SavedSpaceFactor=\count117

(/usr/local/texlive/2016/texmf-dist/tex/latex/latexconfig/hyperref.cfg
File: hyperref.cfg 2002/06/06 v1.2 hyperref configuration of TeXLive
)
Package hyperref Info: Hyper figures OFF on input line 4446.
Package hyperref Info: Link nesting OFF on input line 4451.
Package hyperref Info: Hyper index ON on input line 4454.
Package hyperref Info: Plain pages OFF on input line 4461.
Package hyperref Info: Backreferencing OFF on input line 4466.
Package hyperref Info: Implicit mode ON; LaTeX internals redefined.
Package hyperref Info: Bookmarks ON on input line 4691.
\c@Hy@tempcnt=\count118
LaTeX Info: Redefining \url on input line 5044.
\XeTeXLinkMargin=\dimen140
\Fld@menulength=\count119
\Field@Width=\dimen141
\Fld@charsize=\dimen142
Package hyperref Info: Hyper figures OFF on input line 6298.
Package hyperref Info: Link nesting OFF on input line 6303.
Package hyperref Info: Hyper index ON on input line 6306.
Package hyperref Info: backreferencing OFF on input line 6313.
Package hyperref Info: Link coloring OFF on input line 6318.
Package hyperref Info: Link coloring with OCG OFF on input line 6323.
Package hyperref Info: PDF/A mode OFF on input line 6328.
LaTeX Info: Redefining \ref on input line 6368.
LaTeX Info: Redefining \pageref on input line 6372.
\Hy@abspage=\count120
\c@Item=\count121
\c@Hfootnote=\count122
)

Package hyperref Message: Driver (autodetected): hpdftex.

(/usr/local/texlive/2016/texmf-dist/tex/latex/hyperref/hpdftex.def
File: hpdftex.def 2016/05/05 v6.83n Hyperref driver for pdfTeX
\Fld@listcount=\count123
\c@bookmark@seq@number=\count124

(/usr/local/texlive/2016/texmf-dist/tex/latex/oberdiek/rerunfilecheck.sty
Package: rerunfilecheck 2016/05/16 v1.8 Rerun checks for auxiliary files (HO)
Package uniquecounter Info: New unique counter `rerunfilecheck' on input line 2
82.
)
\Hy@SectionHShift=\skip51
)
(/usr/local/texlive/2016/texmf-dist/tex/latex/amsfonts/amsfonts.sty
Package: amsfonts 2013/01/14 v3.01 Basic AMSFonts support
\symAMSa=\mathgroup6
\symAMSb=\mathgroup7
LaTeX Font Info:    Overwriting math alphabet `\mathfrak' in version `bold'
(Font)                  U/euf/m/n --> U/euf/b/n on input line 106.
)
(/usr/local/texlive/2016/texmf-dist/tex/latex/algorithmicx/algpseudocode.sty
Package: algpseudocode 

(/usr/local/texlive/2016/texmf-dist/tex/latex/algorithmicx/algorithmicx.sty
Package: algorithmicx 2005/04/27 v1.2 Algorithmicx

Document Style algorithmicx 1.2 - a greatly improved `algorithmic' style
\c@ALG@line=\count125
\c@ALG@rem=\count126
\c@ALG@nested=\count127
\ALG@tlm=\skip52
\ALG@thistlm=\skip53
\c@ALG@Lnr=\count128
\c@ALG@blocknr=\count129
\c@ALG@storecount=\count130
\c@ALG@tmpcounter=\count131
\ALG@tmplength=\skip54
)
Document Style - pseudocode environments for use with the `algorithmicx' style
) (./nsdi.aux

LaTeX Warning: Label `f1' multiply defined.


LaTeX Warning: Label `practical_imp' multiply defined.


LaTeX Warning: Label `practical_imp' multiply defined.


LaTeX Warning: Label `rating_res' multiply defined.


LaTeX Warning: Label `rating_res' multiply defined.


LaTeX Warning: Label `rating_res' multiply defined.


LaTeX Warning: Label `rating_res' multiply defined.

)
\openout1 = `nsdi.aux'.

LaTeX Font Info:    Checking defaults for OML/cmm/m/it on input line 36.
LaTeX Font Info:    ... okay on input line 36.
LaTeX Font Info:    Checking defaults for T1/cmr/m/n on input line 36.
LaTeX Font Info:    ... okay on input line 36.
LaTeX Font Info:    Checking defaults for OT1/cmr/m/n on input line 36.
LaTeX Font Info:    ... okay on input line 36.
LaTeX Font Info:    Checking defaults for OMS/cmsy/m/n on input line 36.
LaTeX Font Info:    ... okay on input line 36.
LaTeX Font Info:    Checking defaults for OMX/cmex/m/n on input line 36.
LaTeX Font Info:    ... okay on input line 36.
LaTeX Font Info:    Checking defaults for U/cmr/m/n on input line 36.
LaTeX Font Info:    ... okay on input line 36.
LaTeX Font Info:    Checking defaults for PD1/pdf/m/n on input line 36.
LaTeX Font Info:    ... okay on input line 36.
LaTeX Font Info:    Try loading font information for OT1+ptm on input line 36.
 (/usr/local/texlive/2016/texmf-dist/tex/latex/psnfss/ot1ptm.fd
File: ot1ptm.fd 2001/06/04 font definitions for OT1/ptm.
)
(/usr/local/texlive/2016/texmf-dist/tex/context/base/mkii/supp-pdf.mkii
[Loading MPS to PDF converter (version 2006.09.02).]
\scratchcounter=\count132
\scratchdimen=\dimen143
\scratchbox=\box30
\nofMPsegments=\count133
\nofMParguments=\count134
\everyMPshowfont=\toks23
\MPscratchCnt=\count135
\MPscratchDim=\dimen144
\MPnumerator=\count136
\makeMPintoPDFobject=\count137
\everyMPtoPDFconversion=\toks24
)
Package caption Info: Begin \AtBeginDocument code.
Package caption Info: subfig package v1.3 is loaded.
Package caption Info: float package is loaded.
Package caption Info: hyperref package is loaded.
Package caption Info: End \AtBeginDocument code.
\AtBeginShipoutBox=\box31
Package hyperref Info: Link coloring OFF on input line 36.
 (/usr/local/texlive/2016/texmf-dist/tex/latex/hyperref/nameref.sty
Package: nameref 2012/10/27 v2.43 Cross-referencing by name of section

(/usr/local/texlive/2016/texmf-dist/tex/generic/oberdiek/gettitlestring.sty
Package: gettitlestring 2016/05/16 v1.5 Cleanup title references (HO)
)
\c@section@level=\count138
)
LaTeX Info: Redefining \ref on input line 36.
LaTeX Info: Redefining \pageref on input line 36.
LaTeX Info: Redefining \nameref on input line 36.

(./nsdi.out) (./nsdi.out)
\@outlinefile=\write4
\openout4 = `nsdi.out'.

LaTeX Font Info:    Font shape `OT1/ptm/bx/n' in size <14.4> not available
(Font)              Font shape `OT1/ptm/b/n' tried instead on input line 58.
LaTeX Font Info:    Try loading font information for OT1+ztmcm on input line 58
.

(/usr/local/texlive/2016/texmf-dist/tex/latex/psnfss/ot1ztmcm.fd
File: ot1ztmcm.fd 2000/01/03 Fontinst v1.801 font definitions for OT1/ztmcm.
)
LaTeX Font Info:    Try loading font information for OML+ztmcm on input line 58
.

(/usr/local/texlive/2016/texmf-dist/tex/latex/psnfss/omlztmcm.fd
File: omlztmcm.fd 2000/01/03 Fontinst v1.801 font definitions for OML/ztmcm.
)
LaTeX Font Info:    Try loading font information for OMS+ztmcm on input line 58
.

(/usr/local/texlive/2016/texmf-dist/tex/latex/psnfss/omsztmcm.fd
File: omsztmcm.fd 2000/01/03 Fontinst v1.801 font definitions for OMS/ztmcm.
)
LaTeX Font Info:    Try loading font information for OMX+ztmcm on input line 58
.

(/usr/local/texlive/2016/texmf-dist/tex/latex/psnfss/omxztmcm.fd
File: omxztmcm.fd 2000/01/03 Fontinst v1.801 font definitions for OMX/ztmcm.
)
LaTeX Font Info:    Font shape `OT1/ptm/bx/n' in size <12> not available
(Font)              Font shape `OT1/ptm/b/n' tried instead on input line 58.
LaTeX Font Info:    Font shape `OT1/ptm/bx/n' in size <9> not available
(Font)              Font shape `OT1/ptm/b/n' tried instead on input line 58.
LaTeX Font Info:    Font shape `OT1/ptm/bx/n' in size <7> not available
(Font)              Font shape `OT1/ptm/b/n' tried instead on input line 58.

(./sections/introduction.tex
Underfull \hbox (badness 7777) in paragraph at lines 7--8
\OT1/ptm/m/n/10 ap-prox-i-ma-tion of user-perceived qual-ity, since user-
 []

LaTeX Font Info:    Try loading font information for OMS+ptm on input line 13.
(/usr/local/texlive/2016/texmf-dist/tex/latex/psnfss/omsptm.fd
File: omsptm.fd 
)
LaTeX Font Info:    Font shape `OMS/ptm/m/n' in size <10> not available
(Font)              Font shape `OMS/cmsy/m/n' tried instead on input line 13.
LaTeX Font Info:    Font shape `OT1/ptm/bx/n' in size <10> not available
(Font)              Font shape `OT1/ptm/b/n' tried instead on input line 13.

Underfull \hbox (badness 2717) in paragraph at lines 15--16
[]\OT1/ptm/b/n/10 Challenge 2: Tra-di-tional grid-like video tiling
 []

[1{/usr/local/texlive/2016/texmf-var/fonts/map/pdftex/updmap/pdftex.map}


]
Underfull \hbox (badness 1275) in paragraph at lines 17--18
\OT1/ptm/b/n/10 ity com-pu-ta-tion is dis-parted on server-side and
 []


Underfull \hbox (badness 2096) in paragraph at lines 42--43
[]\OT1/ptm/m/n/10 Identifying key chal-lenges of build-ing a prac-ti-cal
 []


Underfull \hbox (badness 1383) in paragraph at lines 43--44
[]\OT1/ptm/m/n/10 Real-world eval-u-a-tion that demon-strates sub-stan-tial
 []

) (./sections/motivation.tex [2] [3]
Package epstopdf Info: Source file: <images/optimalencoding.eps>
(epstopdf)                    date: 2018-09-19 19:21:32
(epstopdf)                    size: 21326 bytes
(epstopdf)             Output file: <images/optimalencoding-eps-converted-to.pd
f>
(epstopdf)                    date: 2018-09-19 19:22:08
(epstopdf)                    size: 7616 bytes
(epstopdf)             Command: <repstopdf --outfile=images/optimalencoding-eps
-converted-to.pdf images/optimalencoding.eps>
(epstopdf)             \includegraphics on input line 72.
Package epstopdf Info: Output file is already uptodate.

<images/optimalencoding-eps-converted-to.pdf, id=179, 1084.05pt x 589.20125pt>
File: images/optimalencoding-eps-converted-to.pdf Graphic file (type pdf)

<use images/optimalencoding-eps-converted-to.pdf>
Package pdftex.def Info: images/optimalencoding-eps-converted-to.pdf used on in
put line 72.
(pdftex.def)             Requested size: 180.67499pt x 98.19397pt.
Package epstopdf Info: Source file: <images/bitrateefficiency.eps>
(epstopdf)                    date: 2018-09-18 22:55:36
(epstopdf)                    size: 15751 bytes
(epstopdf)             Output file: <images/bitrateefficiency-eps-converted-to.
pdf>
(epstopdf)                    date: 2018-09-18 23:23:11
(epstopdf)                    size: 7183 bytes
(epstopdf)             Command: <repstopdf --outfile=images/bitrateefficiency-e
ps-converted-to.pdf images/bitrateefficiency.eps>
(epstopdf)             \includegraphics on input line 81.
Package epstopdf Info: Output file is already uptodate.

<images/bitrateefficiency-eps-converted-to.pdf, id=181, 562.1pt x 421.575pt>
File: images/bitrateefficiency-eps-converted-to.pdf Graphic file (type pdf)

<use images/bitrateefficiency-eps-converted-to.pdf>
Package pdftex.def Info: images/bitrateefficiency-eps-converted-to.pdf used on 
input line 81.
(pdftex.def)             Requested size: 180.67499pt x 135.50499pt.
Package epstopdf Info: Source file: <images/improvement.eps>
(epstopdf)                    date: 2018-11-29 20:42:27
(epstopdf)                    size: 16759 bytes
(epstopdf)             Output file: <images/improvement-eps-converted-to.pdf>
(epstopdf)                    date: 2018-11-29 20:45:37
(epstopdf)                    size: 7626 bytes
(epstopdf)             Command: <repstopdf --outfile=images/improvement-eps-con
verted-to.pdf images/improvement.eps>
(epstopdf)             \includegraphics on input line 108.
Package epstopdf Info: Output file is already uptodate.

<images/improvement-eps-converted-to.pdf, id=182, 562.1pt x 421.575pt>
File: images/improvement-eps-converted-to.pdf Graphic file (type pdf)

<use images/improvement-eps-converted-to.pdf>
Package pdftex.def Info: images/improvement-eps-converted-to.pdf used on input 
line 108.
(pdftex.def)             Requested size: 180.67499pt x 135.50499pt.
) (./sections/insights.tex
[4 <./images/optimalencoding-eps-converted-to.pdf> <./images/bitrateefficiency-
eps-converted-to.pdf>]
LaTeX Font Info:    Font shape `OT1/ptm/bx/n' in size <7.4> not available
(Font)              Font shape `OT1/ptm/b/n' tried instead on input line 23.
LaTeX Font Info:    Font shape `OT1/ptm/bx/n' in size <6> not available
(Font)              Font shape `OT1/ptm/b/n' tried instead on input line 23.

<images/insight_tiling1.pdf, id=205, 252.945pt x 121.45375pt>
File: images/insight_tiling1.pdf Graphic file (type pdf)

<use images/insight_tiling1.pdf>
Package pdftex.def Info: images/insight_tiling1.pdf used on input line 25.
(pdftex.def)             Requested size: 121.41637pt x 58.29898pt.

<images/insight_tiling2.pdf, id=206, 252.945pt x 121.45375pt>
File: images/insight_tiling2.pdf Graphic file (type pdf)

<use images/insight_tiling2.pdf>
Package pdftex.def Info: images/insight_tiling2.pdf used on input line 30.
(pdftex.def)             Requested size: 121.41637pt x 58.29898pt.

<images/insight_tiling3.pdf, id=207, 252.945pt x 121.45375pt>
File: images/insight_tiling3.pdf Graphic file (type pdf)

<use images/insight_tiling3.pdf>
Package pdftex.def Info: images/insight_tiling3.pdf used on input line 35.
(pdftex.def)             Requested size: 121.41637pt x 58.29898pt.

<images/insight_tiling4.pdf, id=208, 252.945pt x 121.45375pt>
File: images/insight_tiling4.pdf Graphic file (type pdf)

<use images/insight_tiling4.pdf>
Package pdftex.def Info: images/insight_tiling4.pdf used on input line 40.
(pdftex.def)             Requested size: 121.41637pt x 58.29898pt.
 [5 <./images/improvement-eps-converted-to.pdf>]
Underfull \hbox (badness 4556) in paragraph at lines 65--66
[]\OT1/ptm/m/it/10 Server-side per-ceived qual-ity pre-com-pu-ta-tion and
 []

) (./sections/jNDmodel.tex
Underfull \hbox (badness 4132) in paragraph at lines 5--5
[]\OT1/ptm/b/n/12 Perceived qual-ity mea-sur-ing by Just-
 []


Underfull \hbox (badness 10000) in paragraph at lines 32--32
[]\OT1/ptm/b/n/12 Building Just-Noticeable-Distortion
 []

<images/backgroundluminance.jpg, id=224, 1280.785pt x 798.985pt>
File: images/backgroundluminance.jpg Graphic file (type jpg)

<use images/backgroundluminance.jpg>
Package pdftex.def Info: images/backgroundluminance.jpg used on input line 39.
(pdftex.def)             Requested size: 180.67499pt x 112.69835pt.
 [6 <./images/insight_tiling1.pdf> <./images/insight_tiling2.pdf> <./images/ins
ight_tiling3.pdf> <./images/insight_tiling4.pdf>] <images/JNDlum-dist.jpg, id=2
85, 1268.74pt x 847.165pt>
File: images/JNDlum-dist.jpg Graphic file (type jpg)

<use images/JNDlum-dist.jpg>
Package pdftex.def Info: images/JNDlum-dist.jpg used on input line 48.
(pdftex.def)             Requested size: 180.67499pt x 120.63177pt.

Underfull \hbox (badness 10000) in paragraph at lines 67--68
[]\OT1/ptm/m/n/10 Xiaolong 821 cus-
 []

Missing character: There is no Ã in font ptmr7t!
Missing character: There is no — in font ptmr7t!
[7 <./images/backgroundluminance.jpg> <./images/JNDlum-dist.jpg>]
<images/movingspeedCDF.jpeg, id=294, 1927.2pt x 1084.05pt>
File: images/movingspeedCDF.jpeg Graphic file (type jpg)

<use images/movingspeedCDF.jpeg>
Package pdftex.def Info: images/movingspeedCDF.jpeg used on input line 96.
(pdftex.def)             Requested size: 180.67499pt x 101.62944pt.
Package epstopdf Info: Source file: <images/JNDspeed-lum.eps>
(epstopdf)                    date: 2018-09-19 19:21:38
(epstopdf)                    size: 99264 bytes
(epstopdf)             Output file: <images/JNDspeed-lum-eps-converted-to.pdf>
(epstopdf)                    date: 2018-09-19 19:24:17
(epstopdf)                    size: 68502 bytes
(epstopdf)             Command: <repstopdf --outfile=images/JNDspeed-lum-eps-co
nverted-to.pdf images/JNDspeed-lum.eps>
(epstopdf)             \includegraphics on input line 105.
Package epstopdf Info: Output file is already uptodate.

<images/JNDspeed-lum-eps-converted-to.pdf, id=296, 1084.05pt x 589.20125pt>
File: images/JNDspeed-lum-eps-converted-to.pdf Graphic file (type pdf)

<use images/JNDspeed-lum-eps-converted-to.pdf>
Package pdftex.def Info: images/JNDspeed-lum-eps-converted-to.pdf used on input
 line 105.
(pdftex.def)             Requested size: 180.67499pt x 98.19397pt.
Package epstopdf Info: Source file: <images/JNDspeed.eps>
(epstopdf)                    date: 2018-09-19 19:20:42
(epstopdf)                    size: 18038 bytes
(epstopdf)             Output file: <images/JNDspeed-eps-converted-to.pdf>
(epstopdf)                    date: 2018-09-19 19:24:17
(epstopdf)                    size: 6974 bytes
(epstopdf)             Command: <repstopdf --outfile=images/JNDspeed-eps-conver
ted-to.pdf images/JNDspeed.eps>
(epstopdf)             \includegraphics on input line 120.
Package epstopdf Info: Output file is already uptodate.

<images/JNDspeed-eps-converted-to.pdf, id=299, 1084.05pt x 589.20125pt>
File: images/JNDspeed-eps-converted-to.pdf Graphic file (type pdf)

<use images/JNDspeed-eps-converted-to.pdf>
Package pdftex.def Info: images/JNDspeed-eps-converted-to.pdf used on input lin
e 120.
(pdftex.def)             Requested size: 180.67499pt x 98.19397pt.
Package epstopdf Info: Source file: <images/JNDspeed.eps>
(epstopdf)                    date: 2018-09-19 19:20:42
(epstopdf)                    size: 18038 bytes
(epstopdf)             Output file: <images/JNDspeed-eps-converted-to.pdf>
(epstopdf)                    date: 2018-09-19 19:24:17
(epstopdf)                    size: 6974 bytes
(epstopdf)             Command: <repstopdf --outfile=images/JNDspeed-eps-conver
ted-to.pdf images/JNDspeed.eps>
(epstopdf)             \includegraphics on input line 129.
Package epstopdf Info: Output file is already uptodate.
File: images/JNDspeed-eps-converted-to.pdf Graphic file (type pdf)

<use images/JNDspeed-eps-converted-to.pdf>
Package pdftex.def Info: images/JNDspeed-eps-converted-to.pdf used on input lin
e 129.
(pdftex.def)             Requested size: 180.67499pt x 98.19397pt.

<images/ver-acc.jpg, id=301, 1160.335pt x 843.15pt>
File: images/ver-acc.jpg Graphic file (type jpg)
 <use images/ver-acc.jpg>
Package pdftex.def Info: images/ver-acc.jpg used on input line 140.
(pdftex.def)             Requested size: 180.67499pt x 131.2787pt.

[8 <./images/movingspeedCDF.jpeg> <./images/JNDspeed-lum-eps-converted-to.pdf> 
<./images/JNDspeed-eps-converted-to.pdf>]
Package epstopdf Info: Source file: <images/JNDdof-lum.eps>
(epstopdf)                    date: 2018-09-19 19:22:12
(epstopdf)                    size: 21655 bytes
(epstopdf)             Output file: <images/JNDdof-lum-eps-converted-to.pdf>
(epstopdf)                    date: 2018-09-19 19:24:18
(epstopdf)                    size: 7255 bytes
(epstopdf)             Command: <repstopdf --outfile=images/JNDdof-lum-eps-conv
erted-to.pdf images/JNDdof-lum.eps>
(epstopdf)             \includegraphics on input line 151.
Package epstopdf Info: Output file is already uptodate.

<images/JNDdof-lum-eps-converted-to.pdf, id=350, 1084.05pt x 589.20125pt>
File: images/JNDdof-lum-eps-converted-to.pdf Graphic file (type pdf)

<use images/JNDdof-lum-eps-converted-to.pdf>
Package pdftex.def Info: images/JNDdof-lum-eps-converted-to.pdf used on input l
ine 151.
(pdftex.def)             Requested size: 180.67499pt x 98.19397pt.
Package epstopdf Info: Source file: <images/JNDdof.eps>
(epstopdf)                    date: 2018-09-19 19:22:00
(epstopdf)                    size: 24042 bytes
(epstopdf)             Output file: <images/JNDdof-eps-converted-to.pdf>
(epstopdf)                    date: 2018-09-19 19:24:18
(epstopdf)                    size: 9455 bytes
(epstopdf)             Command: <repstopdf --outfile=images/JNDdof-eps-converte
d-to.pdf images/JNDdof.eps>
(epstopdf)             \includegraphics on input line 166.
Package epstopdf Info: Output file is already uptodate.

<images/JNDdof-eps-converted-to.pdf, id=353, 1084.05pt x 589.20125pt>
File: images/JNDdof-eps-converted-to.pdf Graphic file (type pdf)

<use images/JNDdof-eps-converted-to.pdf>
Package pdftex.def Info: images/JNDdof-eps-converted-to.pdf used on input line 
166.
(pdftex.def)             Requested size: 180.67499pt x 98.19397pt.
Package epstopdf Info: Source file: <images/JNDdof-lum.eps>
(epstopdf)                    date: 2018-09-19 19:22:12
(epstopdf)                    size: 21655 bytes
(epstopdf)             Output file: <images/JNDdof-lum-eps-converted-to.pdf>
(epstopdf)                    date: 2018-09-19 19:24:18
(epstopdf)                    size: 7255 bytes
(epstopdf)             Command: <repstopdf --outfile=images/JNDdof-lum-eps-conv
erted-to.pdf images/JNDdof-lum.eps>
(epstopdf)             \includegraphics on input line 183.
Package epstopdf Info: Output file is already uptodate.
File: images/JNDdof-lum-eps-converted-to.pdf Graphic file (type pdf)

<use images/JNDdof-lum-eps-converted-to.pdf>
Package pdftex.def Info: images/JNDdof-lum-eps-converted-to.pdf used on input l
ine 183.
(pdftex.def)             Requested size: 180.67499pt x 98.19397pt.
Package epstopdf Info: Source file: <images/JNDdof.eps>
(epstopdf)                    date: 2018-09-19 19:22:00
(epstopdf)                    size: 24042 bytes
(epstopdf)             Output file: <images/JNDdof-eps-converted-to.pdf>
(epstopdf)                    date: 2018-09-19 19:24:18
(epstopdf)                    size: 9455 bytes
(epstopdf)             Command: <repstopdf --outfile=images/JNDdof-eps-converte
d-to.pdf images/JNDdof.eps>
(epstopdf)             \includegraphics on input line 198.
Package epstopdf Info: Output file is already uptodate.
File: images/JNDdof-eps-converted-to.pdf Graphic file (type pdf)

<use images/JNDdof-eps-converted-to.pdf>
Package pdftex.def Info: images/JNDdof-eps-converted-to.pdf used on input line 
198.
(pdftex.def)             Requested size: 180.67499pt x 98.19397pt.
 [9 <./images/ver-acc.jpg> <./images/JNDdof-lum-eps-converted-to.pdf> <./images
/JNDdof-eps-converted-to.pdf>]
Underfull \hbox (badness 10000) in paragraph at lines 217--217
[]\OT1/ptm/m/n/10 The co-ef-fi-cient of
 []


Overfull \hbox (34.1848pt too wide) in paragraph at lines 218--218
[]$\OML/ztmcm/m/it/10 f[]\OT1/ztmcm/m/n/10 (\OML/ztmcm/m/it/10 v\OT1/ztmcm/m/n/
10 )\OML/ztmcm/m/it/10 ; f[]\OT1/ztmcm/m/n/10 (\OML/ztmcm/m/it/10 v\OT1/ztmcm/m
/n/10 )$| 
 []


Underfull \hbox (badness 2213) in paragraph at lines 220--220
[]\OT1/ptm/m/n/10 The co-ef-fi-cient of light /
 []


Overfull \hbox (96.0675pt too wide) in paragraph at lines 235--235
[] 
 []

) (./sections/tiling.tex [10]
Underfull \hbox (badness 1565) in paragraph at lines 61--61
[]\OT1/ptm/b/n/12 Comparison of object-based tiling and
 []

Package epstopdf Info: Source file: <images/tiling.eps>
(epstopdf)                    date: 2018-09-11 23:50:40
(epstopdf)                    size: 17238 bytes
(epstopdf)             Output file: <images/tiling-eps-converted-to.pdf>
(epstopdf)                    date: 2018-09-12 01:52:31
(epstopdf)                    size: 7518 bytes
(epstopdf)             Command: <repstopdf --outfile=images/tiling-eps-converte
d-to.pdf images/tiling.eps>
(epstopdf)             \includegraphics on input line 69.
Package epstopdf Info: Output file is already uptodate.
<images/tiling-eps-converted-to.pdf, id=387, 562.1pt x 421.575pt>
File: images/tiling-eps-converted-to.pdf Graphic file (type pdf)

<use images/tiling-eps-converted-to.pdf>
Package pdftex.def Info: images/tiling-eps-converted-to.pdf used on input line 
69.
(pdftex.def)             Requested size: 180.67499pt x 135.50499pt.
) (./sections/adaptation.tex
Underfull \hbox (badness 1377) in paragraph at lines 76--1
[]\OT1/ptm/m/n/10 Proposed object-based tiling scheme beats tra-di-tional
 []


Overfull \hbox (10.8921pt too wide) detected at line 19
[][] []
 []

[11 <./images/tiling-eps-converted-to.pdf>]
Overfull \hbox (46.43535pt too wide) in paragraph at lines 40--40
[] 
 []


Overfull \hbox (70.37466pt too wide) in paragraph at lines 52--52
[] 
 []

Package hyperref Info: bookmark level for unknown algorithm defaults to 0 on in
put line 102.
) (./sections/implementation.tex [12]
<images/implementation.pdf, id=418, 1126.2075pt x 675.52374pt>
File: images/implementation.pdf Graphic file (type pdf)

<use images/implementation.pdf>
Package pdftex.def Info: images/implementation.pdf used on input line 7.
(pdftex.def)             Requested size: 252.94499pt x 151.71828pt.

Overfull \hbox (11.9246pt too wide) in paragraph at lines 7--8
 [][] 
 []


Underfull \vbox (badness 3209) has occurred while \output is active []

)
(./sections/evaluation.tex [13 <./images/implementation.pdf>]
<images/network.jpg, id=463, 1284.8pt x 461.725pt>
File: images/network.jpg Graphic file (type jpg)
 <use images/network.jpg>
Package pdftex.def Info: images/network.jpg used on input line 23.
(pdftex.def)             Requested size: 216.81pt x 77.91449pt.

Underfull \hbox (badness 10000) in paragraph at lines 42--42
[]\OT1/ptm/b/n/12 Performance com-par-i-son un-der fixed
 []

Package epstopdf Info: Source file: <images/practical_improvement.eps>
(epstopdf)                    date: 2018-12-13 22:44:16
(epstopdf)                    size: 38512 bytes
(epstopdf)             Output file: <images/practical_improvement-eps-converted
-to.pdf>
(epstopdf)                    date: 2018-12-19 00:23:26
(epstopdf)                    size: 9848 bytes
(epstopdf)             Command: <repstopdf --outfile=images/practical_improveme
nt-eps-converted-to.pdf images/practical_improvement.eps>
(epstopdf)             \includegraphics on input line 48.
Package epstopdf Info: Output file is already uptodate.

<images/practical_improvement-eps-converted-to.pdf, id=465, 562.1pt x 421.575pt
>
File: images/practical_improvement-eps-converted-to.pdf Graphic file (type pdf)

 <use images/practical_improvement-eps-converted-to.pdf>
Package pdftex.def Info: images/practical_improvement-eps-converted-to.pdf used
 on input line 48.
(pdftex.def)             Requested size: 216.81pt x 162.60599pt.

Underfull \hbox (badness 2103) in paragraph at lines 49--49
[]\OT1/ptm/m/n/10 Figure 19: |PSPNR-bandwidth trade-off of 4 meth-ods:
 []


Underfull \hbox (badness 1354) in paragraph at lines 49--49
\OT1/ptm/m/n/10 Viewpoint-driven, PQVRS-, PQVRS, the-o-ret-i-cal per-for-
 []


Underfull \hbox (badness 10000) in paragraph at lines 55--55
[]\OT1/ptm/b/n/12 Performance com-par-i-son un-der real-
 []

Package epstopdf Info: Source file: <images/throughput-PSPNR.eps>
(epstopdf)                    date: 2018-12-18 17:26:00
(epstopdf)                    size: 15951 bytes
(epstopdf)             Output file: <images/throughput-PSPNR-eps-converted-to.p
df>
(epstopdf)                    date: 2018-12-19 00:23:26
(epstopdf)                    size: 7430 bytes
(epstopdf)             Command: <repstopdf --outfile=images/throughput-PSPNR-ep
s-converted-to.pdf images/throughput-PSPNR.eps>
(epstopdf)             \includegraphics on input line 63.
Package epstopdf Info: Output file is already uptodate.
<images/throughput-PSPNR-eps-converted-to.pdf, id=466, 562.1pt x 421.575pt>
File: images/throughput-PSPNR-eps-converted-to.pdf Graphic file (type pdf)

<use images/throughput-PSPNR-eps-converted-to.pdf>
Package pdftex.def Info: images/throughput-PSPNR-eps-converted-to.pdf used on i
nput line 63.
(pdftex.def)             Requested size: 216.81pt x 162.60599pt.

Underfull \hbox (badness 2080) in paragraph at lines 64--64
[]\OT1/ptm/m/n/10 Figure 20: |PSPNR of 4 meth-ods: Viewpoint-driven,
 []

Package epstopdf Info: Source file: <images/throughput-stalltime.eps>
(epstopdf)                    date: 2018-12-06 21:12:38
(epstopdf)                    size: 16252 bytes
(epstopdf)             Output file: <images/throughput-stalltime-eps-converted-
to.pdf>
(epstopdf)                    date: 2018-12-19 00:24:12
(epstopdf)                    size: 7133 bytes
(epstopdf)             Command: <repstopdf --outfile=images/throughput-stalltim
e-eps-converted-to.pdf images/throughput-stalltime.eps>
(epstopdf)             \includegraphics on input line 70.
Package epstopdf Info: Output file is already uptodate.

<images/throughput-stalltime-eps-converted-to.pdf, id=467, 562.1pt x 421.575pt>
File: images/throughput-stalltime-eps-converted-to.pdf Graphic file (type pdf)
<use images/throughput-stalltime-eps-converted-to.pdf>
Package pdftex.def Info: images/throughput-stalltime-eps-converted-to.pdf used 
on input line 70.
(pdftex.def)             Requested size: 216.81pt x 162.60599pt.
 [14 <./images/network.jpg> <./images/practical_improvement-eps-converted-to.pd
f> <./images/throughput-PSPNR-eps-converted-to.pdf>] <images/rating.jpg, id=488
, 1324.95pt x 224.84pt>
File: images/rating.jpg Graphic file (type jpg)

<use images/rating.jpg>
Package pdftex.def Info: images/rating.jpg used on input line 87.
(pdftex.def)             Requested size: 216.81pt x 36.79166pt.
 <images/rating_res.jpeg, id=490, 1445.4pt x 1084.05pt>
File: images/rating_res.jpeg Graphic file (type jpg)

<use images/rating_res.jpeg>
Package pdftex.def Info: images/rating_res.jpeg used on input line 96.
(pdftex.def)             Requested size: 216.81pt x 162.60048pt.

<images/performance_type.jpeg, id=491, 1445.4pt x 1084.05pt>
File: images/performance_type.jpeg Graphic file (type jpg)

<use images/performance_type.jpeg>
Package pdftex.def Info: images/performance_type.jpeg used on input line 115.
(pdftex.def)             Requested size: 216.81pt x 162.60048pt.
File: images/performance_type.jpeg Graphic file (type jpg)
 <use images/performance_type.jpeg>
Package pdftex.def Info: images/performance_type.jpeg used on input line 122.
(pdftex.def)             Requested size: 216.81pt x 162.60048pt.
File: images/performance_type.jpeg Graphic file (type jpg)

<use images/performance_type.jpeg>
Package pdftex.def Info: images/performance_type.jpeg used on input line 129.
(pdftex.def)             Requested size: 216.81pt x 162.60048pt.
File: images/performance_type.jpeg Graphic file (type jpg)
 <use images/performance_type.jpeg>
Package pdftex.def Info: images/performance_type.jpeg used on input line 136.
(pdftex.def)             Requested size: 216.81pt x 162.60048pt.
)
(./sections/Relatedworks.tex [15 <./images/throughput-stalltime-eps-converted-t
o.pdf> <./images/rating.jpg> <./images/rating_res.jpeg> <./images/performance_t
ype.jpeg>]
Missing character: There is no â in font ptmr7t!
Missing character: There is no € in font ptmr7t!
Missing character: There is no ™ in font ptmr7t!
) (./sections/conclusion.tex)
No file nsdi.bbl.
Package atveryend Info: Empty hook `BeforeClearDocument' on input line 85.
[16]
Package atveryend Info: Empty hook `AfterLastShipout' on input line 85.
 (./nsdi.aux)
Package atveryend Info: Executing hook `AtVeryEndDocument' on input line 85.
Package atveryend Info: Executing hook `AtEndAfterFileList' on input line 85.
Package rerunfilecheck Info: File `nsdi.out' has not changed.
(rerunfilecheck)             Checksum: 5CA827E92D37BFDABF30FB2663B6AF34;3011.


LaTeX Warning: There were multiply-defined labels.

Package atveryend Info: Empty hook `AtVeryVeryEnd' on input line 85.
 ) 
Here is how much of TeX's memory you used:
 8223 strings out of 493014
 126766 string characters out of 6133351
 223425 words of memory out of 5000000
 11449 multiletter control sequences out of 15000+600000
 44142 words of font info for 98 fonts, out of 8000000 for 9000
 1141 hyphenation exceptions out of 8191
 44i,16n,42p,953b,388s stack positions out of 5000i,500n,10000p,200000b,80000s
{/usr/local/texlive/2016/texmf-dist/fonts/enc/dvips/base/8r.enc}</usr/local/t
exlive/2016/texmf-dist/fonts/type1/public/amsfonts/cm/cmex10.pfb></usr/local/te
xlive/2016/texmf-dist/fonts/type1/public/amsfonts/cm/cmmi10.pfb></usr/local/tex
live/2016/texmf-dist/fonts/type1/public/amsfonts/cm/cmr10.pfb></usr/local/texli
ve/2016/texmf-dist/fonts/type1/public/amsfonts/cm/cmsy10.pfb></usr/local/texliv
e/2016/texmf-dist/fonts/type1/public/amsfonts/symbols/msbm10.pfb></usr/local/te
xlive/2016/texmf-dist/fonts/type1/public/rsfs/rsfs10.pfb></usr/local/texlive/20
16/texmf-dist/fonts/type1/urw/symbol/usyr.pfb></usr/local/texlive/2016/texmf-di
st/fonts/type1/urw/times/utmb8a.pfb></usr/local/texlive/2016/texmf-dist/fonts/t
ype1/urw/times/utmr8a.pfb></usr/local/texlive/2016/texmf-dist/fonts/type1/urw/t
imes/utmri8a.pfb>
Output written on nsdi.pdf (16 pages, 1686302 bytes).
PDF statistics:
 570 PDF objects out of 1000 (max. 8388607)
 460 compressed objects within 5 object streams
 106 named destinations out of 1000 (max. 500000)
 433 words of extra memory for PDF output out of 10000 (max. 10000000)

